Started GET "/" for ::1 at 2022-12-12 19:02:08 +0300
Processing by LogicController#input as HTML
  Rendering layout layouts/application.html.erb
  Rendering logic/input.html.erb within layouts/application
  Rendered logic/input.html.erb within layouts/application (Duration: 47.2ms | Allocations: 5280)
  Rendered layout layouts/application.html.erb (Duration: 422.8ms | Allocations: 170525)
Completed 200 OK in 454ms (Views: 432.8ms | ActiveRecord: 0.0ms | Allocations: 175149)


Started GET "/logic/view?number_a=14&number_b=21&commit=%D0%9D%D0%B0%D0%B9%D1%82%D0%B8+%D0%9D%D0%9E%D0%94+%D0%B8+%D0%9D%D0%9E%D0%9A" for ::1 at 2022-12-12 19:02:11 +0300
Processing by LogicController#view as HTML
  Parameters: {"number_a"=>"14", "number_b"=>"21", "commit"=>"Найти НОД и НОК"}
  Rendering layout layouts/application.html.erb
  Rendering logic/view.html.erb within layouts/application
  Rendered logic/view.html.erb within layouts/application (Duration: 6.5ms | Allocations: 2099)
  Rendered layout layouts/application.html.erb (Duration: 7.4ms | Allocations: 2193)
Completed 500 Internal Server Error in 10ms (ActiveRecord: 0.0ms | Allocations: 2595)


  
ActionView::Template::Error (no implicit conversion of String into Integer):
    2: <p>Найдем НОД чисел A и B с помощью алгоритма Евклида:</p>
    3: <% a = params[:number_a] %>
    4: <% b = params[:number_b] %>
    5: <% c = a * b %>
    6: <p>A = <%= a %>, B = <%= b %></p>
    7: <table>
    8: <% while a * b != 0 %>
  
app/views/logic/view.html.erb:5:in `*'
app/views/logic/view.html.erb:5
Started GET "/" for ::1 at 2022-12-12 19:03:55 +0300
Processing by LogicController#input as HTML
  Rendering layout layouts/application.html.erb
  Rendering logic/input.html.erb within layouts/application
  Rendered logic/input.html.erb within layouts/application (Duration: 5.4ms | Allocations: 2017)
  Rendered layout layouts/application.html.erb (Duration: 23.1ms | Allocations: 8447)
Completed 200 OK in 31ms (Views: 27.4ms | ActiveRecord: 0.0ms | Allocations: 9285)


Started GET "/logic/view?number_a=14&number_b=21&commit=%D0%9D%D0%B0%D0%B9%D1%82%D0%B8+%D0%9D%D0%9E%D0%94+%D0%B8+%D0%9D%D0%9E%D0%9A" for ::1 at 2022-12-12 19:03:57 +0300
Processing by LogicController#view as HTML
  Parameters: {"number_a"=>"14", "number_b"=>"21", "commit"=>"Найти НОД и НОК"}
  Rendering layout layouts/application.html.erb
  Rendering logic/view.html.erb within layouts/application
  Rendered logic/view.html.erb within layouts/application (Duration: 2.2ms | Allocations: 287)
  Rendered layout layouts/application.html.erb (Duration: 13.0ms | Allocations: 6258)
Completed 200 OK in 16ms (Views: 13.9ms | ActiveRecord: 0.0ms | Allocations: 6595)


Started GET "/logic/view?number_a=455543&number_b=21&commit=%D0%9D%D0%B0%D0%B9%D1%82%D0%B8+%D0%9D%D0%9E%D0%94+%D0%B8+%D0%9D%D0%9E%D0%9A" for ::1 at 2022-12-12 19:06:25 +0300
Processing by LogicController#view as HTML
  Parameters: {"number_a"=>"455543", "number_b"=>"21", "commit"=>"Найти НОД и НОК"}
  Rendering layout layouts/application.html.erb
  Rendering logic/view.html.erb within layouts/application
  Rendered logic/view.html.erb within layouts/application (Duration: 0.1ms | Allocations: 41)
  Rendered layout layouts/application.html.erb (Duration: 13.4ms | Allocations: 6008)
Completed 200 OK in 18ms (Views: 14.9ms | ActiveRecord: 0.0ms | Allocations: 6266)


Started GET "/logic/view?number_a=455542&number_b=21&commit=%D0%9D%D0%B0%D0%B9%D1%82%D0%B8+%D0%9D%D0%9E%D0%94+%D0%B8+%D0%9D%D0%9E%D0%9A" for ::1 at 2022-12-12 19:08:16 +0300
Processing by LogicController#view as HTML
  Parameters: {"number_a"=>"455542", "number_b"=>"21", "commit"=>"Найти НОД и НОК"}
  Rendering layout layouts/application.html.erb
  Rendering logic/view.html.erb within layouts/application
  Rendered logic/view.html.erb within layouts/application (Duration: 0.2ms | Allocations: 37)
  Rendered layout layouts/application.html.erb (Duration: 14.8ms | Allocations: 5996)
Completed 200 OK in 17ms (Views: 15.6ms | Allocations: 6255)


Started GET "/logic/view?number_a=455541&number_b=21&commit=%D0%9D%D0%B0%D0%B9%D1%82%D0%B8+%D0%9D%D0%9E%D0%94+%D0%B8+%D0%9D%D0%9E%D0%9A" for ::1 at 2022-12-12 19:08:23 +0300
Processing by LogicController#view as HTML
  Parameters: {"number_a"=>"455541", "number_b"=>"21", "commit"=>"Найти НОД и НОК"}
  Rendering layout layouts/application.html.erb
  Rendering logic/view.html.erb within layouts/application
  Rendered logic/view.html.erb within layouts/application (Duration: 0.2ms | Allocations: 37)
  Rendered layout layouts/application.html.erb (Duration: 14.5ms | Allocations: 6011)
Completed 200 OK in 17ms (Views: 15.3ms | Allocations: 6270)


Started GET "/logic/view?number_a=21&number_b=21&commit=%D0%9D%D0%B0%D0%B9%D1%82%D0%B8+%D0%9D%D0%9E%D0%94+%D0%B8+%D0%9D%D0%9E%D0%9A" for ::1 at 2022-12-12 19:12:36 +0300
Processing by LogicController#view as HTML
  Parameters: {"number_a"=>"21", "number_b"=>"21", "commit"=>"Найти НОД и НОК"}
  Rendering layout layouts/application.html.erb
  Rendering logic/view.html.erb within layouts/application
  Rendered logic/view.html.erb within layouts/application (Duration: 0.1ms | Allocations: 29)
  Rendered layout layouts/application.html.erb (Duration: 14.6ms | Allocations: 6018)
Completed 200 OK in 18ms (Views: 16.0ms | Allocations: 6274)


Started GET "/logic/view?number_a=21&number_b=21&commit=%D0%9D%D0%B0%D0%B9%D1%82%D0%B8+%D0%9D%D0%9E%D0%94+%D0%B8+%D0%9D%D0%9E%D0%9A" for ::1 at 2022-12-12 20:41:06 +0300
Processing by LogicController#view as HTML
  Parameters: {"number_a"=>"21", "number_b"=>"21", "commit"=>"Найти НОД и НОК"}
  Rendering layout layouts/application.html.erb
  Rendering logic/view.html.erb within layouts/application
  Rendered logic/view.html.erb within layouts/application (Duration: 2.1ms | Allocations: 323)
  Rendered layout layouts/application.html.erb (Duration: 39.1ms | Allocations: 37921)
Completed 200 OK in 44ms (Views: 41.3ms | Allocations: 38876)


Started GET "/" for ::1 at 2022-12-12 20:41:07 +0300
Processing by LogicController#input as HTML
  Rendering layout layouts/application.html.erb
  Rendering logic/input.html.erb within layouts/application
  Rendered logic/input.html.erb within layouts/application (Duration: 1.9ms | Allocations: 1968)
  Rendered layout layouts/application.html.erb (Duration: 9.4ms | Allocations: 7950)
Completed 200 OK in 12ms (Views: 9.9ms | Allocations: 8276)


Started GET "/" for ::1 at 2022-12-12 20:41:24 +0300
Processing by LogicController#input as HTML
  Rendering layout layouts/application.html.erb
  Rendering logic/input.html.erb within layouts/application
  Rendered logic/input.html.erb within layouts/application (Duration: 2.5ms | Allocations: 2009)
  Rendered layout layouts/application.html.erb (Duration: 11.7ms | Allocations: 8411)
Completed 200 OK in 17ms (Views: 14.1ms | Allocations: 9224)


Started GET "/" for ::1 at 2022-12-12 20:43:24 +0300
Processing by LogicController#input as HTML
  Rendering layout layouts/application.html.erb
  Rendering logic/input.html.erb within layouts/application
  Rendered logic/input.html.erb within layouts/application (Duration: 1.9ms | Allocations: 2019)
  Rendered layout layouts/application.html.erb (Duration: 11.1ms | Allocations: 8433)
Completed 200 OK in 15ms (Views: 12.9ms | Allocations: 9264)


Started GET "/" for ::1 at 2022-12-12 20:44:35 +0300
Processing by LogicController#input as HTML
  Rendering layout layouts/application.html.erb
  Rendering logic/input.html.erb within layouts/application
  Rendered logic/input.html.erb within layouts/application (Duration: 9.8ms | Allocations: 2022)
  Rendered layout layouts/application.html.erb (Duration: 22.0ms | Allocations: 8440)
Completed 200 OK in 27ms (Views: 24.2ms | Allocations: 9272)


Started GET "/" for ::1 at 2022-12-12 20:45:01 +0300
Processing by LogicController#input as HTML
  Rendering layout layouts/application.html.erb
  Rendering logic/input.html.erb within layouts/application
  Rendered logic/input.html.erb within layouts/application (Duration: 1.9ms | Allocations: 2021)
  Rendered layout layouts/application.html.erb (Duration: 11.1ms | Allocations: 8430)
Completed 200 OK in 16ms (Views: 13.1ms | Allocations: 9261)


Started GET "/" for ::1 at 2022-12-12 20:45:11 +0300
Processing by LogicController#input as HTML
  Rendering layout layouts/application.html.erb
  Rendering logic/input.html.erb within layouts/application
  Rendered logic/input.html.erb within layouts/application (Duration: 2.2ms | Allocations: 2021)
  Rendered layout layouts/application.html.erb (Duration: 11.9ms | Allocations: 8432)
Completed 200 OK in 16ms (Views: 13.9ms | Allocations: 9263)


Started GET "/" for ::1 at 2022-12-12 21:02:08 +0300
Processing by LogicController#input as HTML
  Rendering layout layouts/application.html.erb
  Rendering logic/input.html.erb within layouts/application
  Rendered logic/input.html.erb within layouts/application (Duration: 2.4ms | Allocations: 1976)
  Rendered layout layouts/application.html.erb (Duration: 34.2ms | Allocations: 39612)
Completed 200 OK in 39ms (Views: 36.2ms | Allocations: 40634)


Started GET "/" for ::1 at 2022-12-12 21:02:09 +0300
Processing by LogicController#input as HTML
  Rendering layout layouts/application.html.erb
  Rendering logic/input.html.erb within layouts/application
  Rendered logic/input.html.erb within layouts/application (Duration: 1.1ms | Allocations: 1673)
  Rendered layout layouts/application.html.erb (Duration: 8.4ms | Allocations: 7647)
Completed 200 OK in 16ms (Views: 13.9ms | Allocations: 7917)


Started GET "/logic/view?number_a=14&number_b=21&commit=%D0%9D%D0%B0%D0%B9%D1%82%D0%B8+%D0%9D%D0%9E%D0%94+%D0%B8+%D0%9D%D0%9E%D0%9A" for ::1 at 2022-12-12 21:02:11 +0300
Processing by LogicController#view as HTML
  Parameters: {"number_a"=>"14", "number_b"=>"21", "commit"=>"Найти НОД и НОК"}
  Rendering layout layouts/application.html.erb
  Rendering logic/view.html.erb within layouts/application
  Rendered logic/view.html.erb within layouts/application (Duration: 4.1ms | Allocations: 4888)
  Rendered layout layouts/application.html.erb (Duration: 4.3ms | Allocations: 4967)
Completed 500 Internal Server Error in 7ms (Allocations: 5283)


  
ActionView::Template::Error (undefined local variable or method `a' for #<ActionView::Base:0x00000000012228>

<p>A = '.freeze;@output_buffer.append=( a );@output_buffer.safe_append=', B = '.freeze;@output_buffer.append=( b );@output_buffer.safe_append='</p>
                                        ^):
    1: <h1>Logic#view</h1>
    2: <p>Найдем НОД чисел A и B с помощью алгоритма Евклида:</p>
    3: <p>A = <%= a %>, B = <%= b %></p>
    4: <% a = @num_a %>
    5: <% b = @num_b %>
    6: <table>
  
app/views/logic/view.html.erb:3
Started GET "/" for ::1 at 2022-12-12 21:02:35 +0300
Processing by LogicController#input as HTML
  Rendering layout layouts/application.html.erb
  Rendering logic/input.html.erb within layouts/application
  Rendered logic/input.html.erb within layouts/application (Duration: 2.9ms | Allocations: 2021)
  Rendered layout layouts/application.html.erb (Duration: 14.3ms | Allocations: 8445)
Completed 200 OK in 20ms (Views: 16.3ms | Allocations: 9252)


Started GET "/logic/view?number_a=14&number_b=21&commit=%D0%9D%D0%B0%D0%B9%D1%82%D0%B8+%D0%9D%D0%9E%D0%94+%D0%B8+%D0%9D%D0%9E%D0%9A" for ::1 at 2022-12-12 21:02:37 +0300
Processing by LogicController#view as HTML
  Parameters: {"number_a"=>"14", "number_b"=>"21", "commit"=>"Найти НОД и НОК"}
  Rendering layout layouts/application.html.erb
  Rendering logic/view.html.erb within layouts/application
  Rendered logic/view.html.erb within layouts/application (Duration: 4.7ms | Allocations: 4885)
  Rendered layout layouts/application.html.erb (Duration: 4.9ms | Allocations: 4964)
Completed 500 Internal Server Error in 8ms (Allocations: 5288)


  
ActionView::Template::Error (undefined method `nod' for #<ActionView::Base:0x000000000125c0>):
    12:     <% a > b ? a %= b : b %= a %>
    13: <% end %>
    14: </table>
    15: <p>НОД = <%= nod(a, b) %></p>
    16: <p>НОК = <%= nok(a, b) %></p>
  
app/views/logic/view.html.erb:15
Started GET "/" for ::1 at 2022-12-12 21:10:30 +0300
Processing by LogicController#input as HTML
  Rendering layout layouts/application.html.erb
  Rendering logic/input.html.erb within layouts/application
  Rendered logic/input.html.erb within layouts/application (Duration: 2.7ms | Allocations: 1976)
  Rendered layout layouts/application.html.erb (Duration: 42.5ms | Allocations: 39619)
Completed 200 OK in 47ms (Views: 44.5ms | Allocations: 40653)


Started GET "/logic/view?number_a=14&number_b=21&commit=%D0%9D%D0%B0%D0%B9%D1%82%D0%B8+%D0%9D%D0%9E%D0%94+%D0%B8+%D0%9D%D0%9E%D0%9A" for ::1 at 2022-12-12 21:10:31 +0300
Processing by LogicController#view as HTML
  Parameters: {"number_a"=>"14", "number_b"=>"21", "commit"=>"Найти НОД и НОК"}
Completed 500 Internal Server Error in 2ms (Allocations: 509)


  
ZeroDivisionError (divided by 0):
  
app/controllers/logic_controller.rb:15:in `%'
app/controllers/logic_controller.rb:15:in `nod'
app/controllers/logic_controller.rb:14:in `nod'
app/controllers/logic_controller.rb:15:in `nod'
app/controllers/logic_controller.rb:35:in `define_output'
Started GET "/" for ::1 at 2022-12-12 21:11:35 +0300
Processing by LogicController#input as HTML
  Rendering layout layouts/application.html.erb
  Rendering logic/input.html.erb within layouts/application
  Rendered logic/input.html.erb within layouts/application (Duration: 1.6ms | Allocations: 1745)
  Rendered layout layouts/application.html.erb (Duration: 44.1ms | Allocations: 39159)
Completed 200 OK in 47ms (Views: 45.4ms | Allocations: 39868)


Started GET "/logic/view?number_a=14&number_b=21&commit=%D0%9D%D0%B0%D0%B9%D1%82%D0%B8+%D0%9D%D0%9E%D0%94+%D0%B8+%D0%9D%D0%9E%D0%9A" for ::1 at 2022-12-12 21:11:37 +0300
Processing by LogicController#view as HTML
  Parameters: {"number_a"=>"14", "number_b"=>"21", "commit"=>"Найти НОД и НОК"}
  Rendering layout layouts/application.html.erb
  Rendering logic/view.html.erb within layouts/application
  Rendered logic/view.html.erb within layouts/application (Duration: 0.9ms | Allocations: 291)
  Rendered layout layouts/application.html.erb (Duration: 8.2ms | Allocations: 6252)
Completed 200 OK in 11ms (Views: 8.6ms | Allocations: 6624)


Started GET "/logic/view?number_a=14&number_b=21&commit=%D0%9D%D0%B0%D0%B9%D1%82%D0%B8+%D0%9D%D0%9E%D0%94+%D0%B8+%D0%9D%D0%9E%D0%9A" for ::1 at 2022-12-12 21:15:38 +0300
Processing by LogicController#view as HTML
  Parameters: {"number_a"=>"14", "number_b"=>"21", "commit"=>"Найти НОД и НОК"}
  Rendering layout layouts/application.html.erb
  Rendering logic/view.html.erb within layouts/application
  Rendered logic/view.html.erb within layouts/application (Duration: 1.2ms | Allocations: 1247)
  Rendered layout layouts/application.html.erb (Duration: 1.4ms | Allocations: 1335)
Completed 500 Internal Server Error in 6ms (Allocations: 2149)


  
ActionView::Template::Error (divided by 0):
     9:         <td> <%= a %></td>
    10:         <td> <%= b %></td>
    11:     </tr>
    12:     <% a > b ? a %= b : b %= a %>
    13: <% end %>
    14: </table>
    15: <p>НОД = <%= @nod %></p>
  
app/views/logic/view.html.erb:12:in `%'
app/views/logic/view.html.erb:12
Started GET "/" for ::1 at 2022-12-12 21:15:43 +0300
Processing by LogicController#input as HTML
  Rendering layout layouts/application.html.erb
  Rendering logic/input.html.erb within layouts/application
  Rendered logic/input.html.erb within layouts/application (Duration: 2.6ms | Allocations: 1980)
  Rendered layout layouts/application.html.erb (Duration: 12.6ms | Allocations: 8345)
Completed 200 OK in 15ms (Views: 13.2ms | Allocations: 8677)


Started GET "/logic/view?number_a=14&number_b=21&commit=%D0%9D%D0%B0%D0%B9%D1%82%D0%B8+%D0%9D%D0%9E%D0%94+%D0%B8+%D0%9D%D0%9E%D0%9A" for ::1 at 2022-12-12 21:15:44 +0300
Processing by LogicController#view as HTML
  Parameters: {"number_a"=>"14", "number_b"=>"21", "commit"=>"Найти НОД и НОК"}
  Rendering layout layouts/application.html.erb
  Rendering logic/view.html.erb within layouts/application
  Rendered logic/view.html.erb within layouts/application (Duration: 1.4ms | Allocations: 969)
  Rendered layout layouts/application.html.erb (Duration: 1.6ms | Allocations: 1048)
Completed 500 Internal Server Error in 4ms (Allocations: 1299)


  
ActionView::Template::Error (divided by 0):
     9:         <td> <%= a %></td>
    10:         <td> <%= b %></td>
    11:     </tr>
    12:     <% a > b ? a %= b : b %= a %>
    13: <% end %>
    14: </table>
    15: <p>НОД = <%= @nod %></p>
  
app/views/logic/view.html.erb:12:in `%'
app/views/logic/view.html.erb:12
Started GET "/" for ::1 at 2022-12-12 21:27:35 +0300
Processing by LogicController#input as HTML
  Rendering layout layouts/application.html.erb
  Rendering logic/input.html.erb within layouts/application
  Rendered logic/input.html.erb within layouts/application (Duration: 2.5ms | Allocations: 2021)
  Rendered layout layouts/application.html.erb (Duration: 14.3ms | Allocations: 8439)
Completed 200 OK in 19ms (Views: 16.4ms | Allocations: 9246)


Started GET "/logic/view?number_a=14&number_b=21&commit=%D0%9D%D0%B0%D0%B9%D1%82%D0%B8+%D0%9D%D0%9E%D0%94+%D0%B8+%D0%9D%D0%9E%D0%9A" for ::1 at 2022-12-12 21:27:36 +0300
Processing by LogicController#view as HTML
  Parameters: {"number_a"=>"14", "number_b"=>"21", "commit"=>"Найти НОД и НОК"}
  Rendering layout layouts/application.html.erb
  Rendering logic/view.html.erb within layouts/application
  Rendered logic/view.html.erb within layouts/application (Duration: 1.4ms | Allocations: 267)
  Rendered layout layouts/application.html.erb (Duration: 11.4ms | Allocations: 6228)
Completed 200 OK in 15ms (Views: 12.2ms | Allocations: 6576)


Started GET "/logic/view?number_a=14&number_b=21&commit=%D0%9D%D0%B0%D0%B9%D1%82%D0%B8+%D0%9D%D0%9E%D0%94+%D0%B8+%D0%9D%D0%9E%D0%9A" for ::1 at 2022-12-12 21:28:51 +0300
Processing by LogicController#view as HTML
  Parameters: {"number_a"=>"14", "number_b"=>"21", "commit"=>"Найти НОД и НОК"}
  Rendering layout layouts/application.html.erb
  Rendering logic/view.html.erb within layouts/application
  Rendered logic/view.html.erb within layouts/application (Duration: 1.0ms | Allocations: 299)
  Rendered layout layouts/application.html.erb (Duration: 11.0ms | Allocations: 6721)
Completed 200 OK in 15ms (Views: 13.0ms | Allocations: 7556)


Started GET "/logic/view?number_a=14&number_b=21&commit=%D0%9D%D0%B0%D0%B9%D1%82%D0%B8+%D0%9D%D0%9E%D0%94+%D0%B8+%D0%9D%D0%9E%D0%9A" for ::1 at 2022-12-12 21:28:53 +0300
Processing by LogicController#view as HTML
  Parameters: {"number_a"=>"14", "number_b"=>"21", "commit"=>"Найти НОД и НОК"}
  Rendering layout layouts/application.html.erb
  Rendering logic/view.html.erb within layouts/application
  Rendered logic/view.html.erb within layouts/application (Duration: 0.1ms | Allocations: 23)
  Rendered layout layouts/application.html.erb (Duration: 8.6ms | Allocations: 5984)
Completed 200 OK in 12ms (Views: 9.6ms | Allocations: 6278)


Started GET "/logic/view?number_a=14&number_b=21&commit=%D0%9D%D0%B0%D0%B9%D1%82%D0%B8+%D0%9D%D0%9E%D0%94+%D0%B8+%D0%9D%D0%9E%D0%9A" for ::1 at 2022-12-12 21:28:59 +0300
Processing by LogicController#view as HTML
  Parameters: {"number_a"=>"14", "number_b"=>"21", "commit"=>"Найти НОД и НОК"}
  Rendering layout layouts/application.html.erb
  Rendering logic/view.html.erb within layouts/application
  Rendered logic/view.html.erb within layouts/application (Duration: 0.9ms | Allocations: 299)
  Rendered layout layouts/application.html.erb (Duration: 12.6ms | Allocations: 6733)
Completed 200 OK in 17ms (Views: 14.5ms | Allocations: 7569)


Started GET "/logic/view?number_a=14&number_b=21&commit=%D0%9D%D0%B0%D0%B9%D1%82%D0%B8+%D0%9D%D0%9E%D0%94+%D0%B8+%D0%9D%D0%9E%D0%9A" for ::1 at 2022-12-12 21:30:33 +0300
Processing by LogicController#view as HTML
  Parameters: {"number_a"=>"14", "number_b"=>"21", "commit"=>"Найти НОД и НОК"}
  Rendering layout layouts/application.html.erb
  Rendering logic/view.html.erb within layouts/application
  Rendered logic/view.html.erb within layouts/application (Duration: 1.0ms | Allocations: 302)
  Rendered layout layouts/application.html.erb (Duration: 10.0ms | Allocations: 6724)
Completed 200 OK in 15ms (Views: 12.3ms | Allocations: 7578)


Started GET "/logic/view?number_a=14&number_b=21&commit=%D0%9D%D0%B0%D0%B9%D1%82%D0%B8+%D0%9D%D0%9E%D0%94+%D0%B8+%D0%9D%D0%9E%D0%9A" for ::1 at 2022-12-12 21:30:45 +0300
Processing by LogicController#view as HTML
  Parameters: {"number_a"=>"14", "number_b"=>"21", "commit"=>"Найти НОД и НОК"}
  Rendering layout layouts/application.html.erb
  Rendering logic/view.html.erb within layouts/application
  Rendered logic/view.html.erb within layouts/application (Duration: 1.3ms | Allocations: 300)
  Rendered layout layouts/application.html.erb (Duration: 11.0ms | Allocations: 6725)
Completed 200 OK in 16ms (Views: 13.5ms | Allocations: 7580)


Started GET "/logic/view?number_a=14&number_b=21&commit=%D0%9D%D0%B0%D0%B9%D1%82%D0%B8+%D0%9D%D0%9E%D0%94+%D0%B8+%D0%9D%D0%9E%D0%9A" for ::1 at 2022-12-12 21:30:51 +0300
Processing by LogicController#view as HTML
  Parameters: {"number_a"=>"14", "number_b"=>"21", "commit"=>"Найти НОД и НОК"}
  Rendering layout layouts/application.html.erb
  Rendering logic/view.html.erb within layouts/application
  Rendered logic/view.html.erb within layouts/application (Duration: 1.2ms | Allocations: 298)
  Rendered layout layouts/application.html.erb (Duration: 10.1ms | Allocations: 6723)
Completed 200 OK in 14ms (Views: 12.0ms | Allocations: 7577)


Started GET "/logic/view?number_a=14&number_b=21&commit=%D0%9D%D0%B0%D0%B9%D1%82%D0%B8+%D0%9D%D0%9E%D0%94+%D0%B8+%D0%9D%D0%9E%D0%9A" for ::1 at 2022-12-12 21:32:31 +0300
Processing by LogicController#view as HTML
  Parameters: {"number_a"=>"14", "number_b"=>"21", "commit"=>"Найти НОД и НОК"}
  Rendering layout layouts/application.html.erb
  Rendering logic/view.html.erb within layouts/application
  Rendered logic/view.html.erb within layouts/application (Duration: 1.3ms | Allocations: 1252)
  Rendered layout layouts/application.html.erb (Duration: 1.5ms | Allocations: 1340)
Completed 500 Internal Server Error in 6ms (Allocations: 2166)


  
ActionView::Template::Error (divided by 0):
    10:         <td> <%= b %></td>
    11:     </tr>
    12:     <% a %= b if a > b %>
    13:     <% b %= a if a < b %>
    14: <% end %>
    15: </table>
    16: <p>НОД = <%= @nod %></p>
  
app/views/logic/view.html.erb:13:in `%'
app/views/logic/view.html.erb:13
Started GET "/logic/view?number_a=14&number_b=21&commit=%D0%9D%D0%B0%D0%B9%D1%82%D0%B8+%D0%9D%D0%9E%D0%94+%D0%B8+%D0%9D%D0%9E%D0%9A" for ::1 at 2022-12-12 21:33:42 +0300
Processing by LogicController#view as HTML
  Parameters: {"number_a"=>"14", "number_b"=>"21", "commit"=>"Найти НОД и НОК"}
  Rendering layout layouts/application.html.erb
  Rendering logic/view.html.erb within layouts/application
  Rendered logic/view.html.erb within layouts/application (Duration: 1.0ms | Allocations: 302)
  Rendered layout layouts/application.html.erb (Duration: 11.4ms | Allocations: 6752)
Completed 200 OK in 16ms (Views: 13.4ms | Allocations: 7602)


Started GET "/logic/view?number_a=14&number_b=21&commit=%D0%9D%D0%B0%D0%B9%D1%82%D0%B8+%D0%9D%D0%9E%D0%94+%D0%B8+%D0%9D%D0%9E%D0%9A" for ::1 at 2022-12-12 21:34:30 +0300
Processing by LogicController#view as HTML
  Parameters: {"number_a"=>"14", "number_b"=>"21", "commit"=>"Найти НОД и НОК"}
  Rendering layout layouts/application.html.erb
  Rendering logic/view.html.erb within layouts/application
  Rendered logic/view.html.erb within layouts/application (Duration: 1.2ms | Allocations: 302)
  Rendered layout layouts/application.html.erb (Duration: 10.3ms | Allocations: 6736)
Completed 200 OK in 15ms (Views: 12.2ms | Allocations: 7590)


Started GET "/logic/view?number_a=14&number_b=21&commit=%D0%9D%D0%B0%D0%B9%D1%82%D0%B8+%D0%9D%D0%9E%D0%94+%D0%B8+%D0%9D%D0%9E%D0%9A" for ::1 at 2022-12-12 21:35:40 +0300
Processing by LogicController#view as HTML
  Parameters: {"number_a"=>"14", "number_b"=>"21", "commit"=>"Найти НОД и НОК"}
  Rendering layout layouts/application.html.erb
  Rendering logic/view.html.erb within layouts/application
  Rendered logic/view.html.erb within layouts/application (Duration: 1.6ms | Allocations: 1261)
  Rendered layout layouts/application.html.erb (Duration: 1.9ms | Allocations: 1350)
Completed 500 Internal Server Error in 6ms (Allocations: 2181)


  
ActionView::SyntaxErrorInTemplate (Encountered a syntax error while rendering template: check <h1>Logic#view</h1>
<p>Найдем НОД чисел A и B с помощью алгоритма Евклида:</p>
<% a = @num_a %>
<% b = @num_b %>
<p>A = <%= a %>, B = <%= b %></p>
<table border="1" cellspacing="0" cellpadding="0" width="100px" >
<% do %>
    <tr>
        <td> <%= a %></td>
        <td> <%= b %></td>
    </tr>
    <% if a > b 
         a %= b
       else
         b %= a if a < b 
       end %>
<% while a * b != 0 %>
</table>
<p>НОД = <%= @nod %></p>
<p>НОК = <%= @nok %></p>

):
1:    <h1>Logic#view</h1>
2:    <p>Найдем НОД чисел A и B с помощью алгоритма Евклида:</p>
3:    <% a = @num_a %>
4:    <% b = @num_b %>
5:    <p>A = <%= a %>, B = <%= b %></p>
6:    <table border="1" cellspacing="0" cellpadding="0" width="100px" >
7:    <% do %>
8:        <tr>
9:            <td> <%= a %></td>
10:            <td> <%= b %></td>
11:        </tr>
12:        <% if a > b 
13:             a %= b
14:           else
15:             b %= a if a < b 
16:           end %>
17:    <% while a * b != 0 %>
18:    </table>
19:    <p>НОД = <%= @nod %></p>
20:    <p>НОК = <%= @nok %></p>
  
app/views/logic/view.html.erb:7: syntax error, unexpected `do', expecting `end'
app/views/logic/view.html.erb:23: syntax error, unexpected end-of-input, expecting `end'
app/views/logic/view.html.erb:7: syntax error, unexpected `do', expecting `end'
app/views/logic/view.html.erb:23: syntax error, unexpected end-of-input, expecting `end'
app/views/logic/view.html.erb:7: syntax error, unexpected `do', expecting `end'
app/views/logic/view.html.erb:23: syntax error, unexpected end-of-input, expecting `end'
app/views/logic/view.html.erb:7: syntax error, unexpected `do', expecting `end'
app/views/logic/view.html.erb:23: syntax error, unexpected end-of-input, expecting `end'
app/views/logic/view.html.erb:7: syntax error, unexpected `do', expecting `end'
app/views/logic/view.html.erb:23: syntax error, unexpected end-of-input, expecting `end'
app/views/logic/view.html.erb:7: syntax error, unexpected `do', expecting `end'
app/views/logic/view.html.erb:23: syntax error, unexpected end-of-input, expecting `end'
Started GET "/logic/view?number_a=14&number_b=21&commit=%D0%9D%D0%B0%D0%B9%D1%82%D0%B8+%D0%9D%D0%9E%D0%94+%D0%B8+%D0%9D%D0%9E%D0%9A" for ::1 at 2022-12-12 21:37:03 +0300
Processing by LogicController#view as HTML
  Parameters: {"number_a"=>"14", "number_b"=>"21", "commit"=>"Найти НОД и НОК"}
  Rendering layout layouts/application.html.erb
  Rendering logic/view.html.erb within layouts/application
  Rendered logic/view.html.erb within layouts/application (Duration: 1.1ms | Allocations: 319)
  Rendered layout layouts/application.html.erb (Duration: 11.5ms | Allocations: 6760)
Completed 200 OK in 16ms (Views: 13.5ms | Allocations: 7610)


Started GET "/logic/view?number_a=14&number_b=21&commit=%D0%9D%D0%B0%D0%B9%D1%82%D0%B8+%D0%9D%D0%9E%D0%94+%D0%B8+%D0%9D%D0%9E%D0%9A" for ::1 at 2022-12-12 21:37:05 +0300
Processing by LogicController#view as HTML
  Parameters: {"number_a"=>"14", "number_b"=>"21", "commit"=>"Найти НОД и НОК"}
  Rendering layout layouts/application.html.erb
  Rendering logic/view.html.erb within layouts/application
  Rendered logic/view.html.erb within layouts/application (Duration: 0.1ms | Allocations: 24)
  Rendered layout layouts/application.html.erb (Duration: 9.2ms | Allocations: 5985)
Completed 200 OK in 12ms (Views: 9.9ms | Allocations: 6279)


Started GET "/logic/view?number_a=14&number_b=21&commit=%D0%9D%D0%B0%D0%B9%D1%82%D0%B8+%D0%9D%D0%9E%D0%94+%D0%B8+%D0%9D%D0%9E%D0%9A" for ::1 at 2022-12-12 21:37:24 +0300
Processing by LogicController#view as HTML
  Parameters: {"number_a"=>"14", "number_b"=>"21", "commit"=>"Найти НОД и НОК"}
  Rendering layout layouts/application.html.erb
  Rendering logic/view.html.erb within layouts/application
  Rendered logic/view.html.erb within layouts/application (Duration: 1.6ms | Allocations: 324)
  Rendered layout layouts/application.html.erb (Duration: 11.6ms | Allocations: 6746)
Completed 200 OK in 16ms (Views: 13.6ms | Allocations: 7581)


Started GET "/logic/view?number_a=14&number_b=21&commit=%D0%9D%D0%B0%D0%B9%D1%82%D0%B8+%D0%9D%D0%9E%D0%94+%D0%B8+%D0%9D%D0%9E%D0%9A" for ::1 at 2022-12-12 21:40:22 +0300
Processing by LogicController#view as HTML
  Parameters: {"number_a"=>"14", "number_b"=>"21", "commit"=>"Найти НОД и НОК"}
  Rendering layout layouts/application.html.erb
  Rendering logic/view.html.erb within layouts/application
  Rendered logic/view.html.erb within layouts/application (Duration: 1.0ms | Allocations: 395)
  Rendered layout layouts/application.html.erb (Duration: 10.5ms | Allocations: 6811)
Completed 200 OK in 15ms (Views: 12.4ms | Allocations: 7665)


Started GET "/logic/view?number_a=14&number_b=21&commit=%D0%9D%D0%B0%D0%B9%D1%82%D0%B8+%D0%9D%D0%9E%D0%94+%D0%B8+%D0%9D%D0%9E%D0%9A" for ::1 at 2022-12-12 21:40:23 +0300
Processing by LogicController#view as HTML
  Parameters: {"number_a"=>"14", "number_b"=>"21", "commit"=>"Найти НОД и НОК"}
  Rendering layout layouts/application.html.erb
  Rendering logic/view.html.erb within layouts/application
  Rendered logic/view.html.erb within layouts/application (Duration: 0.1ms | Allocations: 29)
  Rendered layout layouts/application.html.erb (Duration: 11.5ms | Allocations: 5984)
Completed 200 OK in 14ms (Views: 12.3ms | Allocations: 6278)


Started GET "/" for ::1 at 2022-12-12 21:40:24 +0300
Processing by LogicController#input as HTML
  Rendering layout layouts/application.html.erb
  Rendering logic/input.html.erb within layouts/application
  Rendered logic/input.html.erb within layouts/application (Duration: 3.2ms | Allocations: 1954)
  Rendered layout layouts/application.html.erb (Duration: 13.7ms | Allocations: 7916)
Completed 200 OK in 17ms (Views: 14.5ms | Allocations: 8224)


Started GET "/logic/view?number_a=0&number_b=21&commit=%D0%9D%D0%B0%D0%B9%D1%82%D0%B8+%D0%9D%D0%9E%D0%94+%D0%B8+%D0%9D%D0%9E%D0%9A" for ::1 at 2022-12-12 21:40:28 +0300
Processing by LogicController#view as HTML
  Parameters: {"number_a"=>"0", "number_b"=>"21", "commit"=>"Найти НОД и НОК"}
Redirected to http://[::1]:3000/
Filter chain halted as :correction_check rendered or redirected
Completed 302 Found in 3ms (Allocations: 499)


Started GET "/" for ::1 at 2022-12-12 21:40:28 +0300
Processing by LogicController#input as HTML
  Rendering layout layouts/application.html.erb
  Rendering logic/input.html.erb within layouts/application
  Rendered logic/input.html.erb within layouts/application (Duration: 1.0ms | Allocations: 1673)
  Rendered layout layouts/application.html.erb (Duration: 9.2ms | Allocations: 7673)
Completed 200 OK in 12ms (Views: 10.1ms | Allocations: 7928)


Started GET "/logic/view?number_a=14&number_b=21&commit=%D0%9D%D0%B0%D0%B9%D1%82%D0%B8+%D0%9D%D0%9E%D0%94+%D0%B8+%D0%9D%D0%9E%D0%9A" for ::1 at 2022-12-12 21:40:30 +0300
Processing by LogicController#view as HTML
  Parameters: {"number_a"=>"14", "number_b"=>"21", "commit"=>"Найти НОД и НОК"}
  Rendering layout layouts/application.html.erb
  Rendering logic/view.html.erb within layouts/application
  Rendered logic/view.html.erb within layouts/application (Duration: 0.1ms | Allocations: 29)
  Rendered layout layouts/application.html.erb (Duration: 9.0ms | Allocations: 6018)
Completed 200 OK in 12ms (Views: 9.6ms | Allocations: 6295)


Started GET "/logic/view?number_a=0&number_b=21&commit=%D0%9D%D0%B0%D0%B9%D1%82%D0%B8+%D0%9D%D0%9E%D0%94+%D0%B8+%D0%9D%D0%9E%D0%9A" for ::1 at 2022-12-12 21:40:37 +0300
Processing by LogicController#view as HTML
  Parameters: {"number_a"=>"0", "number_b"=>"21", "commit"=>"Найти НОД и НОК"}
Redirected to http://[::1]:3000/
Filter chain halted as :correction_check rendered or redirected
Completed 302 Found in 2ms (Allocations: 430)


Started GET "/" for ::1 at 2022-12-12 21:40:37 +0300
Processing by LogicController#input as HTML
  Rendering layout layouts/application.html.erb
  Rendering logic/input.html.erb within layouts/application
  Rendered logic/input.html.erb within layouts/application (Duration: 9.1ms | Allocations: 1673)
  Rendered layout layouts/application.html.erb (Duration: 18.1ms | Allocations: 7682)
Completed 200 OK in 20ms (Views: 18.7ms | Allocations: 7938)


Started GET "/logic/view?number_a=0&number_b=21&commit=%D0%9D%D0%B0%D0%B9%D1%82%D0%B8+%D0%9D%D0%9E%D0%94+%D0%B8+%D0%9D%D0%9E%D0%9A" for ::1 at 2022-12-12 21:40:41 +0300
Processing by LogicController#view as HTML
  Parameters: {"number_a"=>"0", "number_b"=>"21", "commit"=>"Найти НОД и НОК"}
Redirected to http://[::1]:3000/
Filter chain halted as :correction_check rendered or redirected
Completed 302 Found in 3ms (Allocations: 416)


Started GET "/" for ::1 at 2022-12-12 21:40:41 +0300
Processing by LogicController#input as HTML
  Rendering layout layouts/application.html.erb
  Rendering logic/input.html.erb within layouts/application
  Rendered logic/input.html.erb within layouts/application (Duration: 1.2ms | Allocations: 1673)
  Rendered layout layouts/application.html.erb (Duration: 9.2ms | Allocations: 7691)
Completed 200 OK in 11ms (Views: 9.7ms | Allocations: 7946)


Started GET "/logic/view?number_a=-14&number_b=21&commit=%D0%9D%D0%B0%D0%B9%D1%82%D0%B8+%D0%9D%D0%9E%D0%94+%D0%B8+%D0%9D%D0%9E%D0%9A" for ::1 at 2022-12-12 21:42:29 +0300
Processing by LogicController#view as HTML
  Parameters: {"number_a"=>"-14", "number_b"=>"21", "commit"=>"Найти НОД и НОК"}
Redirected to http://[::1]:3000/
Filter chain halted as :correction_check rendered or redirected
Completed 302 Found in 3ms (Allocations: 422)


Started GET "/" for ::1 at 2022-12-12 21:42:29 +0300
Processing by LogicController#input as HTML
  Rendering layout layouts/application.html.erb
  Rendering logic/input.html.erb within layouts/application
  Rendered logic/input.html.erb within layouts/application (Duration: 1.2ms | Allocations: 1673)
  Rendered layout layouts/application.html.erb (Duration: 9.3ms | Allocations: 7696)
Completed 200 OK in 11ms (Views: 9.8ms | Allocations: 7951)


Started GET "/logic/view?number_a=14&number_b=14&commit=%D0%9D%D0%B0%D0%B9%D1%82%D0%B8+%D0%9D%D0%9E%D0%94+%D0%B8+%D0%9D%D0%9E%D0%9A" for ::1 at 2022-12-12 21:44:27 +0300
Processing by LogicController#view as HTML
  Parameters: {"number_a"=>"14", "number_b"=>"14", "commit"=>"Найти НОД и НОК"}
Completed 500 Internal Server Error in 2ms (Allocations: 482)


  
TypeError (nil can't be coerced into Integer):
  
app/controllers/logic_controller.rb:19:in `/'
app/controllers/logic_controller.rb:19:in `nok'
app/controllers/logic_controller.rb:36:in `define_output'
Started PUT "/__web_console/repl_sessions/27021896895f2d309a1c359af79e3c05" for ::1 at 2022-12-12 21:45:10 +0300
Started PUT "/__web_console/repl_sessions/27021896895f2d309a1c359af79e3c05" for ::1 at 2022-12-12 21:45:11 +0300
Started PUT "/__web_console/repl_sessions/27021896895f2d309a1c359af79e3c05" for ::1 at 2022-12-12 21:45:17 +0300
Started PUT "/__web_console/repl_sessions/27021896895f2d309a1c359af79e3c05" for ::1 at 2022-12-12 21:45:21 +0300
Started PUT "/__web_console/repl_sessions/27021896895f2d309a1c359af79e3c05" for ::1 at 2022-12-12 21:45:26 +0300
Started PUT "/__web_console/repl_sessions/27021896895f2d309a1c359af79e3c05" for ::1 at 2022-12-12 21:52:32 +0300
Started PUT "/__web_console/repl_sessions/27021896895f2d309a1c359af79e3c05" for ::1 at 2022-12-12 21:52:37 +0300
Started PUT "/__web_console/repl_sessions/27021896895f2d309a1c359af79e3c05" for ::1 at 2022-12-12 21:52:46 +0300
Started GET "/" for ::1 at 2022-12-12 21:53:29 +0300
Processing by LogicController#input as HTML
  Rendering layout layouts/application.html.erb
  Rendering logic/input.html.erb within layouts/application
  Rendered logic/input.html.erb within layouts/application (Duration: 1.5ms | Allocations: 1745)
  Rendered layout layouts/application.html.erb (Duration: 34.3ms | Allocations: 39200)
Completed 200 OK in 37ms (Views: 35.3ms | Allocations: 39909)


Started GET "/logic/view?number_a=14&number_b=14&commit=%D0%9D%D0%B0%D0%B9%D1%82%D0%B8+%D0%9D%D0%9E%D0%94+%D0%B8+%D0%9D%D0%9E%D0%9A" for ::1 at 2022-12-12 21:53:33 +0300
Processing by LogicController#view as HTML
  Parameters: {"number_a"=>"14", "number_b"=>"14", "commit"=>"Найти НОД и НОК"}
Completed 500 Internal Server Error in 2ms (Allocations: 494)


  
TypeError (nil can't be coerced into Integer):
  
app/controllers/logic_controller.rb:19:in `/'
app/controllers/logic_controller.rb:19:in `nok'
app/controllers/logic_controller.rb:36:in `define_output'
Started PUT "/__web_console/repl_sessions/f9d386bfe9ed7ea21051574b78d4da2e" for ::1 at 2022-12-12 21:53:36 +0300
Started PUT "/__web_console/repl_sessions/f9d386bfe9ed7ea21051574b78d4da2e" for ::1 at 2022-12-12 21:53:40 +0300
Started PUT "/__web_console/repl_sessions/f9d386bfe9ed7ea21051574b78d4da2e" for ::1 at 2022-12-12 21:53:43 +0300
Started GET "/" for ::1 at 2022-12-12 21:54:38 +0300
Processing by LogicController#input as HTML
  Rendering layout layouts/application.html.erb
  Rendering logic/input.html.erb within layouts/application
  Rendered logic/input.html.erb within layouts/application (Duration: 1.3ms | Allocations: 1745)
  Rendered layout layouts/application.html.erb (Duration: 42.8ms | Allocations: 39214)
Completed 200 OK in 46ms (Views: 44.0ms | Allocations: 39923)


Started GET "/logic/view?number_a=14&number_b=14&commit=%D0%9D%D0%B0%D0%B9%D1%82%D0%B8+%D0%9D%D0%9E%D0%94+%D0%B8+%D0%9D%D0%9E%D0%9A" for ::1 at 2022-12-12 21:54:41 +0300
Processing by LogicController#view as HTML
  Parameters: {"number_a"=>"14", "number_b"=>"14", "commit"=>"Найти НОД и НОК"}
  Rendering layout layouts/application.html.erb
  Rendering logic/view.html.erb within layouts/application
Started GET "/" for ::1 at 2022-12-12 21:58:30 +0300
Processing by LogicController#input as HTML
  Rendering layout layouts/application.html.erb
  Rendering logic/input.html.erb within layouts/application
  Rendered logic/input.html.erb within layouts/application (Duration: 23.8ms | Allocations: 3555)
  Rendered layout layouts/application.html.erb (Duration: 165.4ms | Allocations: 86664)
Completed 200 OK in 178ms (Views: 170.5ms | ActiveRecord: 0.0ms | Allocations: 90092)


Started GET "/logic/view?number_a=14&number_b=14&commit=%D0%9D%D0%B0%D0%B9%D1%82%D0%B8+%D0%9D%D0%9E%D0%94+%D0%B8+%D0%9D%D0%9E%D0%9A" for ::1 at 2022-12-12 21:58:34 +0300
Processing by LogicController#view as HTML
  Parameters: {"number_a"=>"14", "number_b"=>"14", "commit"=>"Найти НОД и НОК"}
  Rendering layout layouts/application.html.erb
  Rendering logic/view.html.erb within layouts/application
Started GET "/" for ::1 at 2022-12-12 22:00:58 +0300
Processing by LogicController#input as HTML
  Rendering layout layouts/application.html.erb
  Rendering logic/input.html.erb within layouts/application
  Rendered logic/input.html.erb within layouts/application (Duration: 10.5ms | Allocations: 3555)
  Rendered layout layouts/application.html.erb (Duration: 117.4ms | Allocations: 86650)
Completed 200 OK in 130ms (Views: 122.0ms | ActiveRecord: 0.0ms | Allocations: 90078)


Started GET "/logic/view?number_a=14&number_b=14&commit=%D0%9D%D0%B0%D0%B9%D1%82%D0%B8+%D0%9D%D0%9E%D0%94+%D0%B8+%D0%9D%D0%9E%D0%9A" for ::1 at 2022-12-12 22:01:02 +0300
Processing by LogicController#view as HTML
  Parameters: {"number_a"=>"14", "number_b"=>"14", "commit"=>"Найти НОД и НОК"}
  Rendering layout layouts/application.html.erb
  Rendering logic/view.html.erb within layouts/application
Started GET "/" for ::1 at 2022-12-12 22:06:27 +0300
Processing by LogicController#input as HTML
  Rendering layout layouts/application.html.erb
  Rendering logic/input.html.erb within layouts/application
  Rendered logic/input.html.erb within layouts/application (Duration: 12.2ms | Allocations: 3555)
  Rendered layout layouts/application.html.erb (Duration: 137.7ms | Allocations: 86537)
Completed 200 OK in 149ms (Views: 141.4ms | ActiveRecord: 0.0ms | Allocations: 89965)


Started GET "/logic/view?number_a=14&number_b=14&commit=%D0%9D%D0%B0%D0%B9%D1%82%D0%B8+%D0%9D%D0%9E%D0%94+%D0%B8+%D0%9D%D0%9E%D0%9A" for ::1 at 2022-12-12 22:06:31 +0300
Processing by LogicController#view as HTML
  Parameters: {"number_a"=>"14", "number_b"=>"14", "commit"=>"Найти НОД и НОК"}
  Rendering layout layouts/application.html.erb
  Rendering logic/view.html.erb within layouts/application
Started GET "/" for ::1 at 2022-12-12 22:07:20 +0300
Processing by LogicController#input as HTML
  Rendering layout layouts/application.html.erb
  Rendering logic/input.html.erb within layouts/application
  Rendered logic/input.html.erb within layouts/application (Duration: 9.2ms | Allocations: 3555)
  Rendered layout layouts/application.html.erb (Duration: 111.6ms | Allocations: 86749)
Completed 200 OK in 127ms (Views: 116.7ms | ActiveRecord: 0.0ms | Allocations: 90177)


Started GET "/logic/view?number_a=14&number_b=21&commit=%D0%9D%D0%B0%D0%B9%D1%82%D0%B8+%D0%9D%D0%9E%D0%94+%D0%B8+%D0%9D%D0%9E%D0%9A" for ::1 at 2022-12-12 22:07:22 +0300
Processing by LogicController#view as HTML
  Parameters: {"number_a"=>"14", "number_b"=>"21", "commit"=>"Найти НОД и НОК"}
  Rendering layout layouts/application.html.erb
  Rendering logic/view.html.erb within layouts/application
  Rendered logic/view.html.erb within layouts/application (Duration: 1.3ms | Allocations: 399)
  Rendered layout layouts/application.html.erb (Duration: 11.9ms | Allocations: 6560)
Completed 200 OK in 16ms (Views: 12.7ms | ActiveRecord: 0.0ms | Allocations: 6993)


Started GET "/logic/view?number_a=14&number_b=21&commit=%D0%9D%D0%B0%D0%B9%D1%82%D0%B8+%D0%9D%D0%9E%D0%94+%D0%B8+%D0%9D%D0%9E%D0%9A" for ::1 at 2022-12-12 22:07:49 +0300
Processing by LogicController#view as HTML
  Parameters: {"number_a"=>"14", "number_b"=>"21", "commit"=>"Найти НОД и НОК"}
  Rendering layout layouts/application.html.erb
  Rendering logic/view.html.erb within layouts/application
  Rendered logic/view.html.erb within layouts/application (Duration: 1.6ms | Allocations: 891)
  Rendered layout layouts/application.html.erb (Duration: 13.5ms | Allocations: 7339)
Completed 200 OK in 18ms (Views: 15.8ms | ActiveRecord: 0.0ms | Allocations: 8191)


Started PUT "/__web_console/repl_sessions/278836562f1f9ee1eb426e346266666c" for ::1 at 2022-12-12 22:07:51 +0300
Started PUT "/__web_console/repl_sessions/278836562f1f9ee1eb426e346266666c" for ::1 at 2022-12-12 22:07:53 +0300
Started PUT "/__web_console/repl_sessions/278836562f1f9ee1eb426e346266666c" for ::1 at 2022-12-12 22:08:06 +0300
Started PUT "/__web_console/repl_sessions/278836562f1f9ee1eb426e346266666c" for ::1 at 2022-12-12 22:08:08 +0300
Started PUT "/__web_console/repl_sessions/278836562f1f9ee1eb426e346266666c" for ::1 at 2022-12-12 22:08:18 +0300
Started PUT "/__web_console/repl_sessions/278836562f1f9ee1eb426e346266666c" for ::1 at 2022-12-12 22:08:30 +0300
Started PUT "/__web_console/repl_sessions/278836562f1f9ee1eb426e346266666c" for ::1 at 2022-12-12 22:08:39 +0300
Started PUT "/__web_console/repl_sessions/278836562f1f9ee1eb426e346266666c" for ::1 at 2022-12-12 22:08:40 +0300
Started PUT "/__web_console/repl_sessions/278836562f1f9ee1eb426e346266666c" for ::1 at 2022-12-12 22:08:47 +0300
Started PUT "/__web_console/repl_sessions/278836562f1f9ee1eb426e346266666c" for ::1 at 2022-12-12 22:08:52 +0300
Started PUT "/__web_console/repl_sessions/278836562f1f9ee1eb426e346266666c" for ::1 at 2022-12-12 22:08:54 +0300
Started PUT "/__web_console/repl_sessions/278836562f1f9ee1eb426e346266666c" for ::1 at 2022-12-12 22:08:54 +0300
Started GET "/logic/view?number_a=14&number_b=21&commit=%D0%9D%D0%B0%D0%B9%D1%82%D0%B8+%D0%9D%D0%9E%D0%94+%D0%B8+%D0%9D%D0%9E%D0%9A" for ::1 at 2022-12-12 22:12:52 +0300
Processing by LogicController#view as HTML
  Parameters: {"number_a"=>"14", "number_b"=>"21", "commit"=>"Найти НОД и НОК"}
  Rendering layout layouts/application.html.erb
  Rendering logic/view.html.erb within layouts/application
  Rendered logic/view.html.erb within layouts/application (Duration: 0.2ms | Allocations: 473)
  Rendered layout layouts/application.html.erb (Duration: 144.3ms | Allocations: 37944)
Completed 200 OK in 147ms (Views: 145.4ms | Allocations: 38681)


Started GET "/" for ::1 at 2022-12-12 22:12:54 +0300
Processing by LogicController#input as HTML
  Rendering layout layouts/application.html.erb
  Rendering logic/input.html.erb within layouts/application
  Rendered logic/input.html.erb within layouts/application (Duration: 3.1ms | Allocations: 1964)
  Rendered layout layouts/application.html.erb (Duration: 14.3ms | Allocations: 7962)
Completed 200 OK in 18ms (Views: 15.4ms | Allocations: 8294)


Started GET "/logic/view?number_a=14&number_b=14&commit=%D0%9D%D0%B0%D0%B9%D1%82%D0%B8+%D0%9D%D0%9E%D0%94+%D0%B8+%D0%9D%D0%9E%D0%9A" for ::1 at 2022-12-12 22:12:58 +0300
Processing by LogicController#view as HTML
  Parameters: {"number_a"=>"14", "number_b"=>"14", "commit"=>"Найти НОД и НОК"}
  Rendering layout layouts/application.html.erb
  Rendering logic/view.html.erb within layouts/application
Started GET "/" for ::1 at 2022-12-12 22:15:18 +0300
Processing by LogicController#input as HTML
  Rendering layout layouts/application.html.erb
  Rendering logic/input.html.erb within layouts/application
  Rendered logic/input.html.erb within layouts/application (Duration: 8.5ms | Allocations: 3545)
  Rendered layout layouts/application.html.erb (Duration: 114.7ms | Allocations: 87050)
Completed 200 OK in 128ms (Views: 120.1ms | ActiveRecord: 0.0ms | Allocations: 90470)


Started GET "/logic/view?number_a=14&number_b=14&commit=%D0%9D%D0%B0%D0%B9%D1%82%D0%B8+%D0%9D%D0%9E%D0%94+%D0%B8+%D0%9D%D0%9E%D0%9A" for ::1 at 2022-12-12 22:15:21 +0300
Processing by LogicController#view as HTML
  Parameters: {"number_a"=>"14", "number_b"=>"14", "commit"=>"Найти НОД и НОК"}
  Rendering layout layouts/application.html.erb
  Rendering logic/view.html.erb within layouts/application
Started GET "/" for ::1 at 2022-12-12 22:18:52 +0300
Processing by LogicController#input as HTML
  Rendering layout layouts/application.html.erb
  Rendering logic/input.html.erb within layouts/application
  Rendered logic/input.html.erb within layouts/application (Duration: 10.1ms | Allocations: 3555)
  Rendered layout layouts/application.html.erb (Duration: 99.4ms | Allocations: 86896)
Completed 200 OK in 117ms (Views: 104.0ms | ActiveRecord: 0.0ms | Allocations: 90324)


Started GET "/logic/view?number_a=14&number_b=14&commit=%D0%9D%D0%B0%D0%B9%D1%82%D0%B8+%D0%9D%D0%9E%D0%94+%D0%B8+%D0%9D%D0%9E%D0%9A" for ::1 at 2022-12-12 22:18:55 +0300
Processing by LogicController#view as HTML
  Parameters: {"number_a"=>"14", "number_b"=>"14", "commit"=>"Найти НОД и НОК"}
  Rendering layout layouts/application.html.erb
  Rendering logic/view.html.erb within layouts/application
  Rendered logic/view.html.erb within layouts/application (Duration: 1.4ms | Allocations: 858)
  Rendered layout layouts/application.html.erb (Duration: 10.7ms | Allocations: 7033)
Completed 200 OK in 15ms (Views: 11.5ms | ActiveRecord: 0.0ms | Allocations: 7466)


Started PUT "/__web_console/repl_sessions/30af0c9b397cf463ac0249185af5e0bf" for ::1 at 2022-12-12 22:22:46 +0300
Started PUT "/__web_console/repl_sessions/30af0c9b397cf463ac0249185af5e0bf" for ::1 at 2022-12-12 22:22:48 +0300
Started PUT "/__web_console/repl_sessions/30af0c9b397cf463ac0249185af5e0bf" for ::1 at 2022-12-12 22:22:59 +0300
Started GET "/logic/view?number_a=14&number_b=14&commit=%D0%9D%D0%B0%D0%B9%D1%82%D0%B8+%D0%9D%D0%9E%D0%94+%D0%B8+%D0%9D%D0%9E%D0%9A" for ::1 at 2022-12-12 22:24:43 +0300
Processing by LogicController#view as HTML
  Parameters: {"number_a"=>"14", "number_b"=>"14", "commit"=>"Найти НОД и НОК"}
  Rendering layout layouts/application.html.erb
  Rendering logic/view.html.erb within layouts/application
  Rendered logic/view.html.erb within layouts/application (Duration: 1.7ms | Allocations: 840)
  Rendered layout layouts/application.html.erb (Duration: 15.3ms | Allocations: 7310)
Completed 200 OK in 24ms (Views: 18.2ms | ActiveRecord: 0.0ms | Allocations: 8216)


Started GET "/" for ::1 at 2022-12-12 22:24:52 +0300
Processing by LogicController#input as HTML
  Rendering layout layouts/application.html.erb
  Rendering logic/input.html.erb within layouts/application
  Rendered logic/input.html.erb within layouts/application (Duration: 3.8ms | Allocations: 1956)
  Rendered layout layouts/application.html.erb (Duration: 15.7ms | Allocations: 7988)
Completed 200 OK in 20ms (Views: 16.8ms | ActiveRecord: 0.0ms | Allocations: 8325)


Started GET "/logic/view?number_a=14&number_b=21&commit=%D0%9D%D0%B0%D0%B9%D1%82%D0%B8+%D0%9D%D0%9E%D0%94+%D0%B8+%D0%9D%D0%9E%D0%9A" for ::1 at 2022-12-12 22:24:54 +0300
Processing by LogicController#view as HTML
  Parameters: {"number_a"=>"14", "number_b"=>"21", "commit"=>"Найти НОД и НОК"}
  Rendering layout layouts/application.html.erb
  Rendering logic/view.html.erb within layouts/application
  Rendered logic/view.html.erb within layouts/application (Duration: 0.2ms | Allocations: 517)
  Rendered layout layouts/application.html.erb (Duration: 7.9ms | Allocations: 6513)
Completed 200 OK in 10ms (Views: 8.4ms | Allocations: 6794)


Started GET "/logic/view?number_a=0&number_b=21&commit=%D0%9D%D0%B0%D0%B9%D1%82%D0%B8+%D0%9D%D0%9E%D0%94+%D0%B8+%D0%9D%D0%9E%D0%9A" for ::1 at 2022-12-12 22:25:00 +0300
Processing by LogicController#view as HTML
  Parameters: {"number_a"=>"0", "number_b"=>"21", "commit"=>"Найти НОД и НОК"}
Redirected to http://[::1]:3000/
Filter chain halted as :correction_check rendered or redirected
Completed 302 Found in 4ms (Allocations: 540)


Started GET "/" for ::1 at 2022-12-12 22:25:00 +0300
Processing by LogicController#input as HTML
  Rendering layout layouts/application.html.erb
  Rendering logic/input.html.erb within layouts/application
  Rendered logic/input.html.erb within layouts/application (Duration: 1.2ms | Allocations: 1673)
  Rendered layout layouts/application.html.erb (Duration: 12.3ms | Allocations: 7663)
Completed 200 OK in 15ms (Views: 13.0ms | Allocations: 7918)


Started GET "/" for ::1 at 2022-12-12 22:28:12 +0300
Processing by LogicController#input as HTML
  Rendering layout layouts/application.html.erb
  Rendering logic/input.html.erb within layouts/application
  Rendered logic/input.html.erb within layouts/application (Duration: 2.9ms | Allocations: 2020)
  Rendered layout layouts/application.html.erb (Duration: 14.9ms | Allocations: 8533)
Completed 200 OK in 23ms (Views: 17.9ms | Allocations: 9340)


Started GET "/" for ::1 at 2022-12-12 22:28:13 +0300
Processing by LogicController#input as HTML
  Rendering layout layouts/application.html.erb
  Rendering logic/input.html.erb within layouts/application
  Rendered logic/input.html.erb within layouts/application (Duration: 1.0ms | Allocations: 1673)
  Rendered layout layouts/application.html.erb (Duration: 10.4ms | Allocations: 7657)
Completed 200 OK in 13ms (Views: 11.2ms | Allocations: 7928)


Started GET "/logic/view?number_a=14&number_b=0&commit=%D0%9D%D0%B0%D0%B9%D1%82%D0%B8+%D0%9D%D0%9E%D0%94+%D0%B8+%D0%9D%D0%9E%D0%9A" for ::1 at 2022-12-12 22:28:17 +0300
Processing by LogicController#view as HTML
  Parameters: {"number_a"=>"14", "number_b"=>"0", "commit"=>"Найти НОД и НОК"}
Redirected to http://[::1]:3000/
Filter chain halted as :correction_check rendered or redirected
Completed 302 Found in 3ms (Allocations: 410)


Started GET "/" for ::1 at 2022-12-12 22:28:17 +0300
Processing by LogicController#input as HTML
  Rendering layout layouts/application.html.erb
  Rendering logic/input.html.erb within layouts/application
  Rendered logic/input.html.erb within layouts/application (Duration: 1.5ms | Allocations: 1673)
  Rendered layout layouts/application.html.erb (Duration: 10.4ms | Allocations: 7689)
Completed 200 OK in 13ms (Views: 11.1ms | Allocations: 7945)


Started GET "/logic/view?number_a=14&number_b=-11&commit=%D0%9D%D0%B0%D0%B9%D1%82%D0%B8+%D0%9D%D0%9E%D0%94+%D0%B8+%D0%9D%D0%9E%D0%9A" for ::1 at 2022-12-12 22:28:24 +0300
Processing by LogicController#view as HTML
  Parameters: {"number_a"=>"14", "number_b"=>"-11", "commit"=>"Найти НОД и НОК"}
Redirected to http://[::1]:3000/
Filter chain halted as :correction_check rendered or redirected
Completed 302 Found in 3ms (Allocations: 412)


Started GET "/" for ::1 at 2022-12-12 22:28:24 +0300
Processing by LogicController#input as HTML
  Rendering layout layouts/application.html.erb
  Rendering logic/input.html.erb within layouts/application
  Rendered logic/input.html.erb within layouts/application (Duration: 1.1ms | Allocations: 1673)
  Rendered layout layouts/application.html.erb (Duration: 22.2ms | Allocations: 7692)
Completed 200 OK in 25ms (Views: 22.9ms | Allocations: 7947)


Started GET "/logic/view?number_a=14&number_b=2122q&commit=%D0%9D%D0%B0%D0%B9%D1%82%D0%B8+%D0%9D%D0%9E%D0%94+%D0%B8+%D0%9D%D0%9E%D0%9A" for ::1 at 2022-12-12 22:28:27 +0300
Processing by LogicController#view as HTML
  Parameters: {"number_a"=>"14", "number_b"=>"2122q", "commit"=>"Найти НОД и НОК"}
Redirected to http://[::1]:3000/
Filter chain halted as :correction_check rendered or redirected
Completed 302 Found in 3ms (Allocations: 397)


Started GET "/" for ::1 at 2022-12-12 22:28:27 +0300
Processing by LogicController#input as HTML
  Rendering layout layouts/application.html.erb
  Rendering logic/input.html.erb within layouts/application
  Rendered logic/input.html.erb within layouts/application (Duration: 11.4ms | Allocations: 1673)
  Rendered layout layouts/application.html.erb (Duration: 49.4ms | Allocations: 7683)
Completed 200 OK in 52ms (Views: 50.1ms | Allocations: 7938)


Started GET "/logic/view?number_a=14&number_b=14&commit=%D0%9D%D0%B0%D0%B9%D1%82%D0%B8+%D0%9D%D0%9E%D0%94+%D0%B8+%D0%9D%D0%9E%D0%9A" for ::1 at 2022-12-12 22:28:32 +0300
Processing by LogicController#view as HTML
  Parameters: {"number_a"=>"14", "number_b"=>"14", "commit"=>"Найти НОД и НОК"}
  Rendering layout layouts/application.html.erb
  Rendering logic/view.html.erb within layouts/application
  Rendered logic/view.html.erb within layouts/application (Duration: 2.1ms | Allocations: 806)
  Rendered layout layouts/application.html.erb (Duration: 12.2ms | Allocations: 6787)
Completed 200 OK in 16ms (Views: 13.0ms | Allocations: 7118)


Started GET "/" for ::1 at 2022-12-12 22:30:55 +0300
Processing by LogicController#input as HTML
  Rendering layout layouts/application.html.erb
  Rendering logic/input.html.erb within layouts/application
  Rendered logic/input.html.erb within layouts/application (Duration: 3.1ms | Allocations: 2022)
  Rendered layout layouts/application.html.erb (Duration: 14.4ms | Allocations: 8523)
Completed 200 OK in 20ms (Views: 16.8ms | Allocations: 9331)


Started GET "/logic/view?number_a=14&number_b=21&commit=%D0%9D%D0%B0%D0%B9%D1%82%D0%B8+%D0%9D%D0%9E%D0%94+%D0%B8+%D0%9D%D0%9E%D0%9A" for ::1 at 2022-12-12 22:30:56 +0300
Processing by LogicController#view as HTML
  Parameters: {"number_a"=>"14", "number_b"=>"21", "commit"=>"Найти НОД и НОК"}
  Rendering layout layouts/application.html.erb
  Rendering logic/view.html.erb within layouts/application
  Rendered logic/view.html.erb within layouts/application (Duration: 1.5ms | Allocations: 357)
  Rendered layout layouts/application.html.erb (Duration: 10.3ms | Allocations: 6345)
Completed 200 OK in 14ms (Views: 11.2ms | Allocations: 6693)


Started GET "/logic/view?number_a=14&number_b=21&commit=%D0%9D%D0%B0%D0%B9%D1%82%D0%B8+%D0%9D%D0%9E%D0%94+%D0%B8+%D0%9D%D0%9E%D0%9A" for ::1 at 2022-12-12 22:32:01 +0300
Processing by LogicController#view as HTML
  Parameters: {"number_a"=>"14", "number_b"=>"21", "commit"=>"Найти НОД и НОК"}
  Rendering layout layouts/application.html.erb
  Rendering logic/view.html.erb within layouts/application
  Rendered logic/view.html.erb within layouts/application (Duration: 1.3ms | Allocations: 395)
  Rendered layout layouts/application.html.erb (Duration: 15.3ms | Allocations: 6894)
Completed 200 OK in 21ms (Views: 18.2ms | Allocations: 7729)


Started GET "/" for ::1 at 2022-12-30 14:37:41 +0300
Processing by LogicController#input as HTML
  Rendering layout layouts/application.html.erb
  Rendering logic/input.html.erb within layouts/application
  Rendered logic/input.html.erb within layouts/application (Duration: 14.5ms | Allocations: 3668)
  Rendered layout layouts/application.html.erb (Duration: 220.4ms | Allocations: 87621)
Completed 200 OK in 234ms (Views: 224.7ms | ActiveRecord: 0.0ms | Allocations: 91048)


Started GET "/logic/view?number_a=14&number_b=21&commit=%D0%9D%D0%B0%D0%B9%D1%82%D0%B8+%D0%9D%D0%9E%D0%94+%D0%B8+%D0%9D%D0%9E%D0%9A" for ::1 at 2022-12-30 14:37:44 +0300
Processing by LogicController#view as HTML
  Parameters: {"number_a"=>"14", "number_b"=>"21", "commit"=>"Найти НОД и НОК"}
  Rendering layout layouts/application.html.erb
  Rendering logic/view.html.erb within layouts/application
  Rendered logic/view.html.erb within layouts/application (Duration: 1.4ms | Allocations: 403)
  Rendered layout layouts/application.html.erb (Duration: 10.9ms | Allocations: 6914)
Completed 200 OK in 17ms (Views: 11.7ms | ActiveRecord: 0.0ms | Allocations: 7352)


Started GET "/logic/view?number_a=14&number_b=21&commit=%D0%9D%D0%B0%D0%B9%D1%82%D0%B8+%D0%9D%D0%9E%D0%94+%D0%B8+%D0%9D%D0%9E%D0%9A" for ::1 at 2022-12-30 14:38:02 +0300
Processing by LogicController#view as HTML
  Parameters: {"number_a"=>"14", "number_b"=>"21", "commit"=>"Найти НОД и НОК"}
  Rendering layout layouts/application.html.erb
  Rendering logic/view.html.erb within layouts/application
  Rendered logic/view.html.erb within layouts/application (Duration: 0.1ms | Allocations: 35)
  Rendered layout layouts/application.html.erb (Duration: 8.8ms | Allocations: 6440)
Completed 200 OK in 11ms (Views: 9.5ms | ActiveRecord: 0.0ms | Allocations: 6728)


Started GET "/" for ::1 at 2023-01-19 11:44:56 +0300
Processing by LogicController#input as HTML
  Rendering layout layouts/application.html.erb
  Rendering logic/input.html.erb within layouts/application
  Rendered logic/input.html.erb within layouts/application (Duration: 33.3ms | Allocations: 3690)
  Rendered layout layouts/application.html.erb (Duration: 290.2ms | Allocations: 109427)
Completed 200 OK in 304ms (Views: 294.7ms | ActiveRecord: 0.0ms | Allocations: 112853)


Started GET "/logic/view?number_a=14&number_b=21&commit=%D0%9D%D0%B0%D0%B9%D1%82%D0%B8+%D0%9D%D0%9E%D0%94+%D0%B8+%D0%9D%D0%9E%D0%9A" for ::1 at 2023-01-19 11:45:00 +0300
Processing by LogicController#view as HTML
  Parameters: {"number_a"=>"14", "number_b"=>"21", "commit"=>"Найти НОД и НОК"}
  Rendering layout layouts/application.html.erb
  Rendering logic/view.html.erb within layouts/application
  Rendered logic/view.html.erb within layouts/application (Duration: 1.4ms | Allocations: 403)
  Rendered layout layouts/application.html.erb (Duration: 10.9ms | Allocations: 6492)
Completed 200 OK in 14ms (Views: 11.7ms | ActiveRecord: 0.0ms | Allocations: 6931)


Started GET "/logic/view?number_a=14&number_b=21323&commit=%D0%9D%D0%B0%D0%B9%D1%82%D0%B8+%D0%9D%D0%9E%D0%94+%D0%B8+%D0%9D%D0%9E%D0%9A" for ::1 at 2023-01-19 11:45:08 +0300
Processing by LogicController#view as HTML
  Parameters: {"number_a"=>"14", "number_b"=>"21323", "commit"=>"Найти НОД и НОК"}
  Rendering layout layouts/application.html.erb
  Rendering logic/view.html.erb within layouts/application
  Rendered logic/view.html.erb within layouts/application (Duration: 0.1ms | Allocations: 35)
  Rendered layout layouts/application.html.erb (Duration: 13.7ms | Allocations: 6008)
Completed 200 OK in 17ms (Views: 14.6ms | ActiveRecord: 0.0ms | Allocations: 6296)


Started GET "/logic/view?number_a=14&number_b=2132&commit=%D0%9D%D0%B0%D0%B9%D1%82%D0%B8+%D0%9D%D0%9E%D0%94+%D0%B8+%D0%9D%D0%9E%D0%9A" for ::1 at 2023-01-19 11:45:12 +0300
Processing by LogicController#view as HTML
  Parameters: {"number_a"=>"14", "number_b"=>"2132", "commit"=>"Найти НОД и НОК"}
  Rendering layout layouts/application.html.erb
  Rendering logic/view.html.erb within layouts/application
  Rendered logic/view.html.erb within layouts/application (Duration: 0.1ms | Allocations: 41)
  Rendered layout layouts/application.html.erb (Duration: 8.8ms | Allocations: 6006)
Completed 200 OK in 11ms (Views: 9.4ms | ActiveRecord: 0.0ms | Allocations: 6290)


Started GET "/logic/view?number_a=1488&number_b=2132&commit=%D0%9D%D0%B0%D0%B9%D1%82%D0%B8+%D0%9D%D0%9E%D0%94+%D0%B8+%D0%9D%D0%9E%D0%9A" for ::1 at 2023-01-19 11:45:22 +0300
Processing by LogicController#view as HTML
  Parameters: {"number_a"=>"1488", "number_b"=>"2132", "commit"=>"Найти НОД и НОК"}
  Rendering layout layouts/application.html.erb
  Rendering logic/view.html.erb within layouts/application
  Rendered logic/view.html.erb within layouts/application (Duration: 0.5ms | Allocations: 65)
  Rendered layout layouts/application.html.erb (Duration: 11.3ms | Allocations: 6024)
Completed 200 OK in 15ms (Views: 12.1ms | ActiveRecord: 0.0ms | Allocations: 6312)


Started GET "/" for ::1 at 2023-01-19 12:57:48 +0300
Processing by LogicController#input as HTML
  Rendering layout layouts/application.html.erb
  Rendering logic/input.html.erb within layouts/application
  Rendered logic/input.html.erb within layouts/application (Duration: 9.2ms | Allocations: 3612)
  Rendered layout layouts/application.html.erb (Duration: 155.5ms | Allocations: 86986)
Completed 200 OK in 170ms (Views: 163.0ms | ActiveRecord: 0.0ms | Allocations: 90413)


Started GET "/logic/view?number_a=14&number_b=21&commit=%D0%9D%D0%B0%D0%B9%D1%82%D0%B8+%D0%9D%D0%9E%D0%94+%D0%B8+%D0%9D%D0%9E%D0%9A" for ::1 at 2023-01-19 12:57:50 +0300
Processing by LogicController#view as HTML
  Parameters: {"number_a"=>"14", "number_b"=>"21", "commit"=>"Найти НОД и НОК"}
  Rendering layout layouts/application.html.erb
  Rendering logic/view.html.erb within layouts/application
  Rendered logic/view.html.erb within layouts/application (Duration: 0.9ms | Allocations: 403)
  Rendered layout layouts/application.html.erb (Duration: 8.4ms | Allocations: 6459)
Completed 200 OK in 13ms (Views: 8.9ms | ActiveRecord: 0.0ms | Allocations: 6896)


Started GET "/" for ::1 at 2023-01-19 13:50:30 +0300
Processing by LogicController#input as HTML
  Rendering layout layouts/application.html.erb
  Rendering logic/input.html.erb within layouts/application
  Rendered logic/input.html.erb within layouts/application (Duration: 8.9ms | Allocations: 3530)
  Rendered layout layouts/application.html.erb (Duration: 189.1ms | Allocations: 86902)
Completed 200 OK in 206ms (Views: 197.9ms | ActiveRecord: 0.0ms | Allocations: 90329)


Started GET "/logic/view?number_a=14&number_b=21&commit=%D0%9D%D0%B0%D0%B9%D1%82%D0%B8+%D0%9D%D0%9E%D0%94+%D0%B8+%D0%9D%D0%9E%D0%9A" for ::1 at 2023-01-19 13:50:32 +0300
Processing by LogicController#view as HTML
  Parameters: {"number_a"=>"14", "number_b"=>"21", "commit"=>"Найти НОД и НОК"}
  Rendering layout layouts/application.html.erb
  Rendering logic/view.html.erb within layouts/application
  Rendered logic/view.html.erb within layouts/application (Duration: 1.8ms | Allocations: 398)
  Rendered layout layouts/application.html.erb (Duration: 17.1ms | Allocations: 6631)
Completed 200 OK in 22ms (Views: 18.0ms | ActiveRecord: 0.0ms | Allocations: 7068)


Started GET "/" for ::1 at 2023-01-19 15:36:48 +0300
Processing by LogicController#input as HTML
  Rendering layout layouts/application.html.erb
  Rendering logic/input.html.erb within layouts/application
  Rendered logic/input.html.erb within layouts/application (Duration: 33.9ms | Allocations: 3530)
  Rendered layout layouts/application.html.erb (Duration: 254.3ms | Allocations: 86854)
Completed 200 OK in 267ms (Views: 259.4ms | ActiveRecord: 0.0ms | Allocations: 90281)


Started GET "/logic/view?number_a=14&number_b=21&commit=%D0%9D%D0%B0%D0%B9%D1%82%D0%B8+%D0%9D%D0%9E%D0%94+%D0%B8+%D0%9D%D0%9E%D0%9A" for ::1 at 2023-01-19 15:37:03 +0300
Processing by LogicController#view as HTML
  Parameters: {"number_a"=>"14", "number_b"=>"21", "commit"=>"Найти НОД и НОК"}
  Rendering layout layouts/application.html.erb
  Rendering logic/view.html.erb within layouts/application
  Rendered logic/view.html.erb within layouts/application (Duration: 2.0ms | Allocations: 403)
  Rendered layout layouts/application.html.erb (Duration: 19.0ms | Allocations: 6638)
Completed 200 OK in 24ms (Views: 20.7ms | ActiveRecord: 0.0ms | Allocations: 7075)


Started GET "/calc/view?number_a=14&number_b=21&commit=%D0%9D%D0%B0%D0%B9%D1%82%D0%B8+%D0%9D%D0%9E%D0%94+%D0%B8+%D0%9D%D0%9E%D0%9A" for ::1 at 2023-01-19 18:36:50 +0300
  
ActionController::RoutingError (No route matches [GET] "/calc/view"):
  
Started GET "/" for ::1 at 2023-01-19 18:36:55 +0300
Processing by LogicController#input as HTML
  Rendering layout layouts/application.html.erb
  Rendering logic/input.html.erb within layouts/application
  Rendered logic/input.html.erb within layouts/application (Duration: 24.1ms | Allocations: 3179)
  Rendered layout layouts/application.html.erb (Duration: 222.6ms | Allocations: 86306)
Completed 200 OK in 240ms (Views: 227.9ms | ActiveRecord: 0.0ms | Allocations: 88579)


Started GET "/logic/view?number_a=14&number_b=21&commit=%D0%9D%D0%B0%D0%B9%D1%82%D0%B8+%D0%9D%D0%9E%D0%94+%D0%B8+%D0%9D%D0%9E%D0%9A" for ::1 at 2023-01-19 18:38:05 +0300
Processing by LogicController#view as HTML
  Parameters: {"number_a"=>"14", "number_b"=>"21", "commit"=>"Найти НОД и НОК"}
  Rendering layout layouts/application.html.erb
  Rendering logic/view.html.erb within layouts/application
  Rendered logic/view.html.erb within layouts/application (Duration: 2.3ms | Allocations: 371)
  Rendered layout layouts/application.html.erb (Duration: 20.4ms | Allocations: 6506)
Completed 200 OK in 26ms (Views: 21.2ms | ActiveRecord: 0.0ms | Allocations: 6918)


Started GET "/logic/view?number_a=14&number_b=21&commit=%D0%9D%D0%B0%D0%B9%D1%82%D0%B8+%D0%9D%D0%9E%D0%94+%D0%B8+%D0%9D%D0%9E%D0%9A" for ::1 at 2023-01-19 18:39:55 +0300
Processing by LogicController#view as HTML
  Parameters: {"number_a"=>"14", "number_b"=>"21", "commit"=>"Найти НОД и НОК"}
  Rendering layout layouts/application.html.erb
  Rendering logic/view.html.erb within layouts/application
  Rendered logic/view.html.erb within layouts/application (Duration: 0.1ms | Allocations: 35)
  Rendered layout layouts/application.html.erb (Duration: 24.2ms | Allocations: 6186)
Completed 200 OK in 27ms (Views: 24.9ms | ActiveRecord: 0.0ms | Allocations: 6471)


Started GET "/logic/view?number_a=14&number_b=21&commit=%D0%9D%D0%B0%D0%B9%D1%82%D0%B8+%D0%9D%D0%9E%D0%94+%D0%B8+%D0%9D%D0%9E%D0%9A" for ::1 at 2023-01-19 18:53:22 +0300
Processing by LogicController#view as HTML
  Parameters: {"number_a"=>"14", "number_b"=>"21", "commit"=>"Найти НОД и НОК"}
  Rendering layout layouts/application.html.erb
  Rendering logic/view.html.erb within layouts/application
  Rendered logic/view.html.erb within layouts/application (Duration: 1.6ms | Allocations: 285)
  Rendered layout layouts/application.html.erb (Duration: 53.9ms | Allocations: 37986)
Completed 200 OK in 62ms (Views: 56.8ms | Allocations: 39063)


Started GET "/" for ::1 at 2023-01-19 18:53:24 +0300
Processing by LogicController#input as HTML
  Rendering layout layouts/application.html.erb
  Rendering logic/input.html.erb within layouts/application
  Rendered logic/input.html.erb within layouts/application (Duration: 2.4ms | Allocations: 1927)
  Rendered layout layouts/application.html.erb (Duration: 16.5ms | Allocations: 8068)
Completed 200 OK in 22ms (Views: 17.1ms | Allocations: 8393)


Started GET "/logic/view?number_a=14&number_b=21&commit=%D0%9D%D0%B0%D0%B9%D1%82%D0%B8+%D0%9D%D0%9E%D0%94+%D0%B8+%D0%9D%D0%9E%D0%9A" for ::1 at 2023-01-19 18:53:25 +0300
Processing by LogicController#view as HTML
  Parameters: {"number_a"=>"14", "number_b"=>"21", "commit"=>"Найти НОД и НОК"}
  Rendering layout layouts/application.html.erb
  Rendering logic/view.html.erb within layouts/application
  Rendered logic/view.html.erb within layouts/application (Duration: 0.1ms | Allocations: 30)
  Rendered layout layouts/application.html.erb (Duration: 14.0ms | Allocations: 6170)
Completed 200 OK in 19ms (Views: 14.7ms | Allocations: 6464)


Started GET "/logic/view?number_a=14&number_b=21&commit=%D0%9D%D0%B0%D0%B9%D1%82%D0%B8+%D0%9D%D0%9E%D0%94+%D0%B8+%D0%9D%D0%9E%D0%9A" for ::1 at 2023-01-19 18:54:03 +0300
Processing by LogicController#view as HTML
  Parameters: {"number_a"=>"14", "number_b"=>"21", "commit"=>"Найти НОД и НОК"}
  Rendering layout layouts/application.html.erb
  Rendering logic/view.html.erb within layouts/application
  Rendered logic/view.html.erb within layouts/application (Duration: 0.1ms | Allocations: 36)
  Rendered layout layouts/application.html.erb (Duration: 27.5ms | Allocations: 37487)
Completed 200 OK in 30ms (Views: 28.2ms | Allocations: 38239)


Started GET "/logic/view?number_a=14&number_b=21&commit=%D0%9D%D0%B0%D0%B9%D1%82%D0%B8+%D0%9D%D0%9E%D0%94+%D0%B8+%D0%9D%D0%9E%D0%9A" for ::1 at 2023-01-19 19:52:33 +0300
Processing by LogicController#view as HTML
  Parameters: {"number_a"=>"14", "number_b"=>"21", "commit"=>"Найти НОД и НОК"}
  Rendering layout layouts/application.html.erb
  Rendering logic/view.html.erb within layouts/application
  Rendered logic/view.html.erb within layouts/application (Duration: 1.9ms | Allocations: 783)
  Rendered layout layouts/application.html.erb (Duration: 19.7ms | Allocations: 7442)
Completed 200 OK in 29ms (Views: 23.0ms | Allocations: 8328)


Started PUT "/__web_console/repl_sessions/e8e3b3a40fc95a6a4d2edf5b3b84bf9c" for ::1 at 2023-01-19 19:52:35 +0300
Started PUT "/__web_console/repl_sessions/e8e3b3a40fc95a6a4d2edf5b3b84bf9c" for ::1 at 2023-01-19 19:52:36 +0300
Started PUT "/__web_console/repl_sessions/e8e3b3a40fc95a6a4d2edf5b3b84bf9c" for ::1 at 2023-01-19 19:52:54 +0300
Started GET "/logic/view?number_a=14&number_b=21&commit=%D0%9D%D0%B0%D0%B9%D1%82%D0%B8+%D0%9D%D0%9E%D0%94+%D0%B8+%D0%9D%D0%9E%D0%9A" for ::1 at 2023-01-19 19:54:05 +0300
Processing by LogicController#view as HTML
  Parameters: {"number_a"=>"14", "number_b"=>"21", "commit"=>"Найти НОД и НОК"}
  Rendering layout layouts/application.html.erb
  Rendering logic/view.html.erb within layouts/application
  Rendered logic/view.html.erb within layouts/application (Duration: 1.8ms | Allocations: 722)
  Rendered layout layouts/application.html.erb (Duration: 58.6ms | Allocations: 38419)
Completed 200 OK in 67ms (Views: 61.5ms | Allocations: 39498)


Started GET "/" for ::1 at 2023-01-19 19:54:07 +0300
Processing by LogicController#input as HTML
  Rendering layout layouts/application.html.erb
  Rendering logic/input.html.erb within layouts/application
  Rendered logic/input.html.erb within layouts/application (Duration: 1.8ms | Allocations: 1926)
  Rendered layout layouts/application.html.erb (Duration: 8.3ms | Allocations: 8092)
Completed 200 OK in 11ms (Views: 8.8ms | Allocations: 8417)


Started GET "/logic/view?number_a=14&number_b=21&commit=%D0%9D%D0%B0%D0%B9%D1%82%D0%B8+%D0%9D%D0%9E%D0%94+%D0%B8+%D0%9D%D0%9E%D0%9A" for ::1 at 2023-01-19 19:54:08 +0300
Processing by LogicController#view as HTML
  Parameters: {"number_a"=>"14", "number_b"=>"21", "commit"=>"Найти НОД и НОК"}
  Rendering layout layouts/application.html.erb
  Rendering logic/view.html.erb within layouts/application
  Rendered logic/view.html.erb within layouts/application (Duration: 0.2ms | Allocations: 517)
  Rendered layout layouts/application.html.erb (Duration: 13.8ms | Allocations: 6653)
Completed 200 OK in 19ms (Views: 14.4ms | Allocations: 6944)


Started PUT "/__web_console/repl_sessions/7d4e445d590c89f81b01823d7581cf4b" for ::1 at 2023-01-19 19:54:11 +0300
Started PUT "/__web_console/repl_sessions/7d4e445d590c89f81b01823d7581cf4b" for ::1 at 2023-01-19 19:54:12 +0300
Started PUT "/__web_console/repl_sessions/7d4e445d590c89f81b01823d7581cf4b" for ::1 at 2023-01-19 19:55:48 +0300
Started PUT "/__web_console/repl_sessions/7d4e445d590c89f81b01823d7581cf4b" for ::1 at 2023-01-19 19:56:07 +0300
Started PUT "/__web_console/repl_sessions/7d4e445d590c89f81b01823d7581cf4b" for ::1 at 2023-01-19 19:56:08 +0300
Started PUT "/__web_console/repl_sessions/7d4e445d590c89f81b01823d7581cf4b" for ::1 at 2023-01-19 19:56:11 +0300
Started PUT "/__web_console/repl_sessions/7d4e445d590c89f81b01823d7581cf4b" for ::1 at 2023-01-19 19:56:14 +0300
Started PUT "/__web_console/repl_sessions/7d4e445d590c89f81b01823d7581cf4b" for ::1 at 2023-01-19 19:56:25 +0300
Started PUT "/__web_console/repl_sessions/7d4e445d590c89f81b01823d7581cf4b" for ::1 at 2023-01-19 19:56:29 +0300
Started PUT "/__web_console/repl_sessions/7d4e445d590c89f81b01823d7581cf4b" for ::1 at 2023-01-19 19:58:54 +0300
Started PUT "/__web_console/repl_sessions/7d4e445d590c89f81b01823d7581cf4b" for ::1 at 2023-01-19 19:59:07 +0300
Started PUT "/__web_console/repl_sessions/7d4e445d590c89f81b01823d7581cf4b" for ::1 at 2023-01-19 19:59:16 +0300
Started PUT "/__web_console/repl_sessions/7d4e445d590c89f81b01823d7581cf4b" for ::1 at 2023-01-19 20:00:15 +0300
Started PUT "/__web_console/repl_sessions/7d4e445d590c89f81b01823d7581cf4b" for ::1 at 2023-01-19 20:00:17 +0300
Started PUT "/__web_console/repl_sessions/7d4e445d590c89f81b01823d7581cf4b" for ::1 at 2023-01-19 20:00:22 +0300
Started PUT "/__web_console/repl_sessions/7d4e445d590c89f81b01823d7581cf4b" for ::1 at 2023-01-19 20:00:24 +0300
Started PUT "/__web_console/repl_sessions/7d4e445d590c89f81b01823d7581cf4b" for ::1 at 2023-01-19 20:00:27 +0300
Started PUT "/__web_console/repl_sessions/7d4e445d590c89f81b01823d7581cf4b" for ::1 at 2023-01-19 20:00:33 +0300
Started PUT "/__web_console/repl_sessions/7d4e445d590c89f81b01823d7581cf4b" for ::1 at 2023-01-19 20:01:07 +0300
Started PUT "/__web_console/repl_sessions/7d4e445d590c89f81b01823d7581cf4b" for ::1 at 2023-01-19 20:01:15 +0300
Started PUT "/__web_console/repl_sessions/7d4e445d590c89f81b01823d7581cf4b" for ::1 at 2023-01-19 20:01:17 +0300
Started PUT "/__web_console/repl_sessions/7d4e445d590c89f81b01823d7581cf4b" for ::1 at 2023-01-19 20:01:19 +0300
Started PUT "/__web_console/repl_sessions/7d4e445d590c89f81b01823d7581cf4b" for ::1 at 2023-01-19 20:02:12 +0300
Started PUT "/__web_console/repl_sessions/7d4e445d590c89f81b01823d7581cf4b" for ::1 at 2023-01-19 20:02:15 +0300
Started PUT "/__web_console/repl_sessions/7d4e445d590c89f81b01823d7581cf4b" for ::1 at 2023-01-19 20:02:16 +0300
Started PUT "/__web_console/repl_sessions/7d4e445d590c89f81b01823d7581cf4b" for ::1 at 2023-01-19 20:03:18 +0300
[31mUnpermitted parameter: :result. Context: { controller: LogicController, action: view, request: #<ActionDispatch::Request:0x00007f6157d3bb38>, params: {"number_a"=>"14", "number_b"=>"21", "commit"=>"Найти НОД и НОК", "controller"=>"logic", "action"=>"view"} }[0m
[31mUnpermitted parameter: :result. Context: { controller: LogicController, action: view, request: #<ActionDispatch::Request:0x00007f6157d3bb38>, params: {"number_a"=>"14", "number_b"=>"21", "commit"=>"Найти НОД и НОК", "controller"=>"logic", "action"=>"view"} }[0m
Started PUT "/__web_console/repl_sessions/7d4e445d590c89f81b01823d7581cf4b" for ::1 at 2023-01-19 20:03:19 +0300
[31mUnpermitted parameter: :result. Context: { controller: LogicController, action: view, request: #<ActionDispatch::Request:0x00007f6157d3bb38>, params: {"number_a"=>"14", "number_b"=>"21", "commit"=>"Найти НОД и НОК", "controller"=>"logic", "action"=>"view"} }[0m
Started PUT "/__web_console/repl_sessions/7d4e445d590c89f81b01823d7581cf4b" for ::1 at 2023-01-19 20:03:33 +0300
Started PUT "/__web_console/repl_sessions/7d4e445d590c89f81b01823d7581cf4b" for ::1 at 2023-01-19 20:03:33 +0300
Started GET "/logic/view?number_a=14&number_b=21&commit=%D0%9D%D0%B0%D0%B9%D1%82%D0%B8+%D0%9D%D0%9E%D0%94+%D0%B8+%D0%9D%D0%9E%D0%9A" for ::1 at 2023-01-19 20:04:00 +0300
Processing by LogicController#view as HTML
  Parameters: {"number_a"=>"14", "number_b"=>"21", "commit"=>"Найти НОД и НОК"}
  Rendering layout layouts/application.html.erb
  Rendering logic/view.html.erb within layouts/application
  Rendered logic/view.html.erb within layouts/application (Duration: 1.6ms | Allocations: 283)
  Rendered layout layouts/application.html.erb (Duration: 61.2ms | Allocations: 37959)
Completed 200 OK in 69ms (Views: 64.0ms | Allocations: 39037)


Started GET "/logic/view?number_a=14&number_b=21&commit=%D0%9D%D0%B0%D0%B9%D1%82%D0%B8+%D0%9D%D0%9E%D0%94+%D0%B8+%D0%9D%D0%9E%D0%9A" for ::1 at 2023-01-19 20:04:06 +0300
Processing by LogicController#view as HTML
  Parameters: {"number_a"=>"14", "number_b"=>"21", "commit"=>"Найти НОД и НОК"}
  Rendering layout layouts/application.html.erb
  Rendering logic/view.html.erb within layouts/application
  Rendered logic/view.html.erb within layouts/application (Duration: 2.0ms | Allocations: 775)
  Rendered layout layouts/application.html.erb (Duration: 20.0ms | Allocations: 7429)
Completed 200 OK in 29ms (Views: 23.4ms | Allocations: 8295)


Started GET "/" for ::1 at 2023-01-19 20:04:07 +0300
Processing by LogicController#input as HTML
  Rendering layout layouts/application.html.erb
  Rendering logic/input.html.erb within layouts/application
  Rendered logic/input.html.erb within layouts/application (Duration: 2.2ms | Allocations: 1926)
  Rendered layout layouts/application.html.erb (Duration: 15.6ms | Allocations: 8067)
Completed 200 OK in 21ms (Views: 16.1ms | Allocations: 8393)


Started GET "/logic/view?number_a=14&number_b=21&commit=%D0%9D%D0%B0%D0%B9%D1%82%D0%B8+%D0%9D%D0%9E%D0%94+%D0%B8+%D0%9D%D0%9E%D0%9A" for ::1 at 2023-01-19 20:04:09 +0300
Processing by LogicController#view as HTML
  Parameters: {"number_a"=>"14", "number_b"=>"21", "commit"=>"Найти НОД и НОК"}
  Rendering layout layouts/application.html.erb
  Rendering logic/view.html.erb within layouts/application
  Rendered logic/view.html.erb within layouts/application (Duration: 0.3ms | Allocations: 516)
  Rendered layout layouts/application.html.erb (Duration: 6.8ms | Allocations: 6664)
Completed 200 OK in 9ms (Views: 7.3ms | Allocations: 6954)


Started PUT "/__web_console/repl_sessions/c1e29672b54836377a2a3151873f85f2" for ::1 at 2023-01-19 20:04:10 +0300
Started PUT "/__web_console/repl_sessions/c1e29672b54836377a2a3151873f85f2" for ::1 at 2023-01-19 20:04:11 +0300
Started GET "/logic/view?number_a=14&number_b=21&commit=%D0%9D%D0%B0%D0%B9%D1%82%D0%B8+%D0%9D%D0%9E%D0%94+%D0%B8+%D0%9D%D0%9E%D0%9A" for ::1 at 2023-01-19 20:04:29 +0300
Processing by LogicController#view as HTML
  Parameters: {"number_a"=>"14", "number_b"=>"21", "commit"=>"Найти НОД и НОК"}
  Rendering layout layouts/application.html.erb
  Rendering logic/view.html.erb within layouts/application
  Rendered logic/view.html.erb within layouts/application (Duration: 0.2ms | Allocations: 526)
  Rendered layout layouts/application.html.erb (Duration: 60.4ms | Allocations: 37983)
Completed 200 OK in 66ms (Views: 61.6ms | Allocations: 38735)


Started PUT "/__web_console/repl_sessions/5c09eb191862f499de5be63d67b90e5a" for ::1 at 2023-01-19 20:04:32 +0300
Started PUT "/__web_console/repl_sessions/5c09eb191862f499de5be63d67b90e5a" for ::1 at 2023-01-19 20:04:32 +0300
Started GET "/" for ::1 at 2023-01-19 20:04:37 +0300
Processing by LogicController#input as HTML
  Rendering layout layouts/application.html.erb
  Rendering logic/input.html.erb within layouts/application
  Rendered logic/input.html.erb within layouts/application (Duration: 0.9ms | Allocations: 1723)
  Rendered layout layouts/application.html.erb (Duration: 15.9ms | Allocations: 7865)
Completed 200 OK in 20ms (Views: 16.5ms | Allocations: 8138)


Started GET "/logic/view?number_a=14&number_b=21&commit=%D0%9D%D0%B0%D0%B9%D1%82%D0%B8+%D0%9D%D0%9E%D0%94+%D0%B8+%D0%9D%D0%9E%D0%9A" for ::1 at 2023-01-19 20:04:39 +0300
Processing by LogicController#view as HTML
  Parameters: {"number_a"=>"14", "number_b"=>"21", "commit"=>"Найти НОД и НОК"}
  Rendering layout layouts/application.html.erb
  Rendering logic/view.html.erb within layouts/application
  Rendered logic/view.html.erb within layouts/application (Duration: 0.2ms | Allocations: 516)
  Rendered layout layouts/application.html.erb (Duration: 14.6ms | Allocations: 6638)
Completed 200 OK in 19ms (Views: 15.1ms | Allocations: 6934)


Started PUT "/__web_console/repl_sessions/4e4aee330ec2d5e6eece2ffe52c4516b" for ::1 at 2023-01-19 20:04:40 +0300
Started PUT "/__web_console/repl_sessions/4e4aee330ec2d5e6eece2ffe52c4516b" for ::1 at 2023-01-19 20:04:41 +0300
Started GET "/logic/view?number_a=14&number_b=21&commit=%D0%9D%D0%B0%D0%B9%D1%82%D0%B8+%D0%9D%D0%9E%D0%94+%D0%B8+%D0%9D%D0%9E%D0%9A" for ::1 at 2023-01-19 20:05:29 +0300
Processing by LogicController#view as HTML
  Parameters: {"number_a"=>"14", "number_b"=>"21", "commit"=>"Найти НОД и НОК"}
  Rendering layout layouts/application.html.erb
  Rendering logic/view.html.erb within layouts/application
  Rendered logic/view.html.erb within layouts/application (Duration: 0.2ms | Allocations: 516)
  Rendered layout layouts/application.html.erb (Duration: 16.9ms | Allocations: 6674)
Completed 200 OK in 22ms (Views: 17.7ms | Allocations: 6965)


Started PUT "/__web_console/repl_sessions/216c495e081b5e6443ed58477df8142f" for ::1 at 2023-01-19 20:05:31 +0300
Started PUT "/__web_console/repl_sessions/216c495e081b5e6443ed58477df8142f" for ::1 at 2023-01-19 20:05:31 +0300
Started PUT "/__web_console/repl_sessions/216c495e081b5e6443ed58477df8142f" for ::1 at 2023-01-19 20:05:37 +0300
Started PUT "/__web_console/repl_sessions/216c495e081b5e6443ed58477df8142f" for ::1 at 2023-01-19 20:05:41 +0300
Started PUT "/__web_console/repl_sessions/216c495e081b5e6443ed58477df8142f" for ::1 at 2023-01-19 20:05:42 +0300
Started PUT "/__web_console/repl_sessions/216c495e081b5e6443ed58477df8142f" for ::1 at 2023-01-19 20:05:51 +0300
Started PUT "/__web_console/repl_sessions/216c495e081b5e6443ed58477df8142f" for ::1 at 2023-01-19 20:05:54 +0300
Started PUT "/__web_console/repl_sessions/216c495e081b5e6443ed58477df8142f" for ::1 at 2023-01-19 20:05:54 +0300
[31mUnpermitted parameters: :number_a, :number_b, :commit, :result. Context: { controller: LogicController, action: view, request: #<ActionDispatch::Request:0x00007f6154866f48>, params: {"number_a"=>"14", "number_b"=>"21", "commit"=>"Найти НОД и НОК", "controller"=>"logic", "action"=>"view"} }[0m
Started PUT "/__web_console/repl_sessions/216c495e081b5e6443ed58477df8142f" for ::1 at 2023-01-19 20:05:58 +0300
Started PUT "/__web_console/repl_sessions/216c495e081b5e6443ed58477df8142f" for ::1 at 2023-01-19 20:05:59 +0300
Started PUT "/__web_console/repl_sessions/216c495e081b5e6443ed58477df8142f" for ::1 at 2023-01-19 20:06:05 +0300
Started PUT "/__web_console/repl_sessions/216c495e081b5e6443ed58477df8142f" for ::1 at 2023-01-19 20:06:10 +0300
[31mUnpermitted parameters: :number_a, :number_b, :commit, :result. Context: { controller: LogicController, action: view, request: #<ActionDispatch::Request:0x00007f6154866f48>, params: {"number_a"=>"14", "number_b"=>"21", "commit"=>"Найти НОД и НОК", "controller"=>"logic", "action"=>"view"} }[0m
Started PUT "/__web_console/repl_sessions/216c495e081b5e6443ed58477df8142f" for ::1 at 2023-01-19 20:06:45 +0300
Started PUT "/__web_console/repl_sessions/216c495e081b5e6443ed58477df8142f" for ::1 at 2023-01-19 20:06:47 +0300
Started PUT "/__web_console/repl_sessions/216c495e081b5e6443ed58477df8142f" for ::1 at 2023-01-19 20:06:49 +0300
Started PUT "/__web_console/repl_sessions/216c495e081b5e6443ed58477df8142f" for ::1 at 2023-01-19 20:06:57 +0300
Started PUT "/__web_console/repl_sessions/216c495e081b5e6443ed58477df8142f" for ::1 at 2023-01-19 20:07:04 +0300
Started PUT "/__web_console/repl_sessions/216c495e081b5e6443ed58477df8142f" for ::1 at 2023-01-19 20:07:05 +0300
Started PUT "/__web_console/repl_sessions/216c495e081b5e6443ed58477df8142f" for ::1 at 2023-01-19 20:07:08 +0300
Started GET "/logic/view?number_a=14&number_b=21&commit=%D0%9D%D0%B0%D0%B9%D1%82%D0%B8+%D0%9D%D0%9E%D0%94+%D0%B8+%D0%9D%D0%9E%D0%9A" for ::1 at 2023-01-19 20:07:24 +0300
Processing by LogicController#view as HTML
  Parameters: {"number_a"=>"14", "number_b"=>"21", "commit"=>"Найти НОД и НОК"}
  Rendering layout layouts/application.html.erb
  Rendering logic/view.html.erb within layouts/application
  Rendered logic/view.html.erb within layouts/application (Duration: 0.3ms | Allocations: 516)
  Rendered layout layouts/application.html.erb (Duration: 17.9ms | Allocations: 6668)
Completed 200 OK in 23ms (Views: 18.7ms | Allocations: 6957)


Started GET "/" for ::1 at 2023-01-19 20:07:27 +0300
Processing by LogicController#input as HTML
  Rendering layout layouts/application.html.erb
  Rendering logic/input.html.erb within layouts/application
  Rendered logic/input.html.erb within layouts/application (Duration: 0.9ms | Allocations: 1659)
  Rendered layout layouts/application.html.erb (Duration: 15.3ms | Allocations: 7799)
Completed 200 OK in 20ms (Views: 15.9ms | Allocations: 8055)


Started GET "/logic/view?number_a=14&number_b=21&commit=%D0%9D%D0%B0%D0%B9%D1%82%D0%B8+%D0%9D%D0%9E%D0%94+%D0%B8+%D0%9D%D0%9E%D0%9A" for ::1 at 2023-01-19 20:07:29 +0300
Processing by LogicController#view as HTML
  Parameters: {"number_a"=>"14", "number_b"=>"21", "commit"=>"Найти НОД и НОК"}
  Rendering layout layouts/application.html.erb
  Rendering logic/view.html.erb within layouts/application
  Rendered logic/view.html.erb within layouts/application (Duration: 0.3ms | Allocations: 516)
  Rendered layout layouts/application.html.erb (Duration: 15.5ms | Allocations: 6649)
Completed 200 OK in 20ms (Views: 16.2ms | Allocations: 6939)


Started PUT "/__web_console/repl_sessions/d37647b18c1b89add20e57daa80937b7" for ::1 at 2023-01-19 20:07:30 +0300
Started PUT "/__web_console/repl_sessions/d37647b18c1b89add20e57daa80937b7" for ::1 at 2023-01-19 20:07:38 +0300
Started PUT "/__web_console/repl_sessions/d37647b18c1b89add20e57daa80937b7" for ::1 at 2023-01-19 20:07:43 +0300
Started PUT "/__web_console/repl_sessions/d37647b18c1b89add20e57daa80937b7" for ::1 at 2023-01-19 20:07:49 +0300
Started GET "/logics" for ::1 at 2023-01-20 14:05:08 +0300
  
ActionController::RoutingError (No route matches [GET] "/logics"):
  
Started GET "/" for ::1 at 2023-01-20 14:05:14 +0300
Processing by LogicController#input as HTML
  Rendering layout layouts/application.html.erb
  Rendering logic/input.html.erb within layouts/application
  Rendered logic/input.html.erb within layouts/application (Duration: 25.5ms | Allocations: 3275)
  Rendered layout layouts/application.html.erb (Duration: 352.9ms | Allocations: 169492)
Completed 200 OK in 369ms (Views: 355.4ms | ActiveRecord: 0.0ms | Allocations: 171765)


Started GET "/logic/view?number_a=14&number_b=21&commit=%D0%9D%D0%B0%D0%B9%D1%82%D0%B8+%D0%9D%D0%9E%D0%94+%D0%B8+%D0%9D%D0%9E%D0%9A" for ::1 at 2023-01-20 14:05:17 +0300
Processing by LogicController#view as HTML
  Parameters: {"number_a"=>"14", "number_b"=>"21", "commit"=>"Найти НОД и НОК"}
  Rendering layout layouts/application.html.erb
  Rendering logic/view.html.erb within layouts/application
  Rendered logic/view.html.erb within layouts/application (Duration: 0.9ms | Allocations: 256)
  Rendered layout layouts/application.html.erb (Duration: 9.9ms | Allocations: 6400)
Completed 200 OK in 16ms (Views: 11.0ms | ActiveRecord: 0.0ms | Allocations: 6826)


Started GET "/" for ::1 at 2023-01-20 14:15:01 +0300
Processing by LogicController#input as HTML
  Rendering layout layouts/application.html.erb
  Rendering logic/input.html.erb within layouts/application
  Rendered logic/input.html.erb within layouts/application (Duration: 9.7ms | Allocations: 3530)
  Rendered layout layouts/application.html.erb (Duration: 160.8ms | Allocations: 87142)
Completed 200 OK in 175ms (Views: 166.9ms | ActiveRecord: 0.0ms | Allocations: 90569)


Started GET "/logic/view?number_a=14&number_b=21&commit=%D0%9D%D0%B0%D0%B9%D1%82%D0%B8+%D0%9D%D0%9E%D0%94+%D0%B8+%D0%9D%D0%9E%D0%9A" for ::1 at 2023-01-20 14:15:12 +0300
Processing by LogicController#view as HTML
  Parameters: {"number_a"=>"14", "number_b"=>"21", "commit"=>"Найти НОД и НОК"}
  Rendering layout layouts/application.html.erb
  Rendering logic/view.html.erb within layouts/application
  Rendered logic/view.html.erb within layouts/application (Duration: 0.9ms | Allocations: 281)
  Rendered layout layouts/application.html.erb (Duration: 9.9ms | Allocations: 6582)
Completed 200 OK in 12ms (Views: 10.4ms | ActiveRecord: 0.0ms | Allocations: 7033)


Started GET "/" for ::1 at 2023-01-21 16:33:19 +0300
Processing by LogicController#input as HTML
  Rendering layout layouts/application.html.erb
  Rendering logic/input.html.erb within layouts/application
  Rendered logic/input.html.erb within layouts/application (Duration: 5.1ms | Allocations: 3521)
  Rendered layout layouts/application.html.erb (Duration: 142.5ms | Allocations: 111125)
Completed 200 OK in 151ms (Views: 145.0ms | ActiveRecord: 0.0ms | Allocations: 114552)


Started GET "/logic/view?number_a=-1&number_b=21&commit=%D0%9D%D0%B0%D0%B9%D1%82%D0%B8+%D0%9D%D0%9E%D0%94+%D0%B8+%D0%9D%D0%9E%D0%9A" for ::1 at 2023-01-21 16:33:52 +0300
Processing by LogicController#view as HTML
  Parameters: {"number_a"=>"-1", "number_b"=>"21", "commit"=>"Найти НОД и НОК"}
Redirected to http://[::1]:3000/
Filter chain halted as :correction_check rendered or redirected
Completed 302 Found in 2ms (ActiveRecord: 0.0ms | Allocations: 1044)


Started GET "/" for ::1 at 2023-01-21 16:33:52 +0300
Processing by LogicController#input as HTML
  Rendering layout layouts/application.html.erb
  Rendering logic/input.html.erb within layouts/application
  Rendered logic/input.html.erb within layouts/application (Duration: 2.2ms | Allocations: 1717)
  Rendered layout layouts/application.html.erb (Duration: 10.1ms | Allocations: 8276)
Completed 200 OK in 12ms (Views: 10.7ms | ActiveRecord: 0.0ms | Allocations: 8583)


Started GET "/logic/view?number_a=-1&number_b=21&commit=%D0%9D%D0%B0%D0%B9%D1%82%D0%B8+%D0%9D%D0%9E%D0%94+%D0%B8+%D0%9D%D0%9E%D0%9A" for ::1 at 2023-01-21 16:34:11 +0300
Processing by LogicController#view as HTML
  Parameters: {"number_a"=>"-1", "number_b"=>"21", "commit"=>"Найти НОД и НОК"}
Redirected to http://[::1]:3000/
Filter chain halted as :correction_check rendered or redirected
Completed 302 Found in 2ms (ActiveRecord: 0.0ms | Allocations: 844)


Started GET "/" for ::1 at 2023-01-21 16:34:11 +0300
Processing by LogicController#input as HTML
  Rendering layout layouts/application.html.erb
  Rendering logic/input.html.erb within layouts/application
  Rendered logic/input.html.erb within layouts/application (Duration: 1.1ms | Allocations: 1660)
  Rendered layout layouts/application.html.erb (Duration: 5.8ms | Allocations: 8107)
Completed 200 OK in 7ms (Views: 6.2ms | ActiveRecord: 0.0ms | Allocations: 8369)


Started GET "/logic/view?number_a=14&number_b=21&commit=%D0%9D%D0%B0%D0%B9%D1%82%D0%B8+%D0%9D%D0%9E%D0%94+%D0%B8+%D0%9D%D0%9E%D0%9A" for ::1 at 2023-01-21 16:34:12 +0300
Processing by LogicController#view as HTML
  Parameters: {"number_a"=>"14", "number_b"=>"21", "commit"=>"Найти НОД и НОК"}
  Rendering layout layouts/application.html.erb
  Rendering logic/view.html.erb within layouts/application
  Rendered logic/view.html.erb within layouts/application (Duration: 0.7ms | Allocations: 280)
  Rendered layout layouts/application.html.erb (Duration: 4.9ms | Allocations: 6696)
Completed 200 OK in 6ms (Views: 5.4ms | ActiveRecord: 0.0ms | Allocations: 7075)


